#
# There is insufficient memory for the Java Runtime Environment to continue.
# Native memory allocation (malloc) failed to allocate 1172816 bytes for Chunk::new
# Possible reasons:
#   The system is out of physical RAM or swap space
#   The process is running with CompressedOops enabled, and the Java Heap may be blocking the growth of the native heap
# Possible solutions:
#   Reduce memory load on the system
#   Increase physical memory or swap space
#   Check if swap backing store is full
#   Decrease Java heap size (-Xmx/-Xms)
#   Decrease number of Java threads
#   Decrease Java thread stack sizes (-Xss)
#   Set larger code cache with -XX:ReservedCodeCacheSize=
#   JVM is running with Unscaled Compressed Oops mode in which the Java heap is
#     placed in the first 4GB address space. The Java Heap base address is the
#     maximum limit for the native heap growth. Please use -XX:HeapBaseMinAddress
#     to set the Java Heap base and to place the Java Heap above 4GB virtual address.
# This output file may be truncated or incomplete.
#
#  Out of Memory Error (./src/hotspot/share/memory/arena.cpp:197), pid=9648, tid=2420
#
# JRE version: OpenJDK Runtime Environment (11.0.10) (build 11.0.10+0-b96-7249189)
# Java VM: OpenJDK 64-Bit Server VM (11.0.10+0-b96-7249189, mixed mode, tiered, compressed oops, g1 gc, windows-amd64)
# No core dump will be written. Minidumps are not enabled by default on client versions of Windows
#

---------------  S U M M A R Y ------------

Command Line: --add-opens=java.base/java.util=ALL-UNNAMED --add-opens=java.base/java.lang=ALL-UNNAMED --add-opens=java.base/java.lang.invoke=ALL-UNNAMED --add-opens=java.base/java.util=ALL-UNNAMED --add-opens=java.prefs/java.util.prefs=ALL-UNNAMED --add-opens=java.prefs/java.util.prefs=ALL-UNNAMED --add-opens=java.base/java.nio.charset=ALL-UNNAMED --add-opens=java.base/java.net=ALL-UNNAMED --add-opens=java.base/java.util.concurrent.atomic=ALL-UNNAMED -Xmx2048m -Dfile.encoding=UTF-8 -Duser.country=TR -Duser.language=tr -Duser.variant org.gradle.launcher.daemon.bootstrap.GradleDaemon 7.0.2

Host: Intel(R) Core(TM) i5-8250U CPU @ 1.60GHz, 8 cores, 7G,  Windows 10 , 64 bit Build 18362 (10.0.18362.959)
Time: Thu Sep  2 13:57:51 2021 Orta Asya Standart Saati elapsed time: 2320.690984 seconds (0d 0h 38m 40s)

---------------  T H R E A D  ---------------

Current thread (0x000001a07f2ef000):  JavaThread "C2 CompilerThread2" daemon [_thread_in_native, id=2420, stack(0x00000087cba00000,0x00000087cbb00000)]


Current CompileTask:
C2:2320691 16295       4       org.gradle.internal.component.model.ComponentAttributeMatcher::isMatching (147 bytes)

Stack: [0x00000087cba00000,0x00000087cbb00000]
Native frames: (J=compiled Java code, j=interpreted, Vv=VM code, C=native code)
V  [jvm.dll+0x5ecfaa]
V  [jvm.dll+0x722bd5]
V  [jvm.dll+0x72412d]
V  [jvm.dll+0x7247e3]
V  [jvm.dll+0x242928]
V  [jvm.dll+0xbc4fc]
V  [jvm.dll+0xbca0c]
V  [jvm.dll+0x352d7d]
V  [jvm.dll+0x197e0c]
V  [jvm.dll+0x1fb70e]
V  [jvm.dll+0x1fa7f4]
V  [jvm.dll+0x18354c]
V  [jvm.dll+0x208ee7]
V  [jvm.dll+0x207731]
V  [jvm.dll+0x6eb1cf]
V  [jvm.dll+0x6e3d45]
V  [jvm.dll+0x5ebe96]
C  [ucrtbase.dll+0x20e82]
C  [KERNEL32.DLL+0x17bd4]
C  [ntdll.dll+0x6ce51]


---------------  P R O C E S S  ---------------

Threads class SMR info:
_java_thread_list=0x000001a07e5cc060, length=57, elements={
0x000001a05ac1f800, 0x000001a075082000, 0x000001a07508d800, 0x000001a0759f5800,
0x000001a0759f7000, 0x000001a0759f9000, 0x000001a075a00000, 0x000001a07509b800,
0x000001a07509d800, 0x000001a075b70000, 0x000001a077e73800, 0x000001a0786c4000,
0x000001a0777aa800, 0x000001a078718000, 0x000001a078715800, 0x000001a078714800,
0x000001a078718800, 0x000001a07871b000, 0x000001a078439800, 0x000001a078436800,
0x000001a078435800, 0x000001a078438000, 0x000001a07843d800, 0x000001a07c5e5000,
0x000001a07c5e4800, 0x000001a07c5e0800, 0x000001a07c5e7000, 0x000001a07c5e6000,
0x000001a07c5e8800, 0x000001a07eae5000, 0x000001a07eae5800, 0x000001a07eae1000,
0x000001a07eae6800, 0x000001a00086e000, 0x000001a000867000, 0x000001a000864800,
0x000001a000861000, 0x000001a000863800, 0x000001a000866000, 0x000001a000863000,
0x000001a000867800, 0x000001a000862000, 0x000001a000869800, 0x000001a00086a000,
0x000001a00086b000, 0x000001a000865800, 0x000001a00086c000, 0x000001a000870000,
0x000001a00086c800, 0x000001a00086f000, 0x000001a00086d800, 0x000001a07c5e2000,
0x000001a07c5e9800, 0x000001a07c5e3800, 0x000001a07c5ec800, 0x000001a00121f800,
0x000001a07f2ef000
}

Java Threads: ( => current thread )
  0x000001a05ac1f800 JavaThread "main" [_thread_blocked, id=2448, stack(0x00000087c7e00000,0x00000087c7f00000)]
  0x000001a075082000 JavaThread "Reference Handler" daemon [_thread_blocked, id=7524, stack(0x00000087c8500000,0x00000087c8600000)]
  0x000001a07508d800 JavaThread "Finalizer" daemon [_thread_blocked, id=7128, stack(0x00000087c8600000,0x00000087c8700000)]
  0x000001a0759f5800 JavaThread "Signal Dispatcher" daemon [_thread_blocked, id=1084, stack(0x00000087c8700000,0x00000087c8800000)]
  0x000001a0759f7000 JavaThread "Attach Listener" daemon [_thread_blocked, id=10184, stack(0x00000087c8800000,0x00000087c8900000)]
  0x000001a0759f9000 JavaThread "Service Thread" daemon [_thread_blocked, id=5900, stack(0x00000087c8900000,0x00000087c8a00000)]
  0x000001a075a00000 JavaThread "C2 CompilerThread0" daemon [_thread_in_native, id=4644, stack(0x00000087c8a00000,0x00000087c8b00000)]
  0x000001a07509b800 JavaThread "C1 CompilerThread0" daemon [_thread_blocked, id=8984, stack(0x00000087c8b00000,0x00000087c8c00000)]
  0x000001a07509d800 JavaThread "Sweeper thread" daemon [_thread_blocked, id=7316, stack(0x00000087c8c00000,0x00000087c8d00000)]
  0x000001a075b70000 JavaThread "Common-Cleaner" daemon [_thread_blocked, id=5908, stack(0x00000087c8d00000,0x00000087c8e00000)]
  0x000001a077e73800 JavaThread "Daemon health stats" [_thread_blocked, id=9444, stack(0x00000087c9000000,0x00000087c9100000)]
  0x000001a0786c4000 JavaThread "Incoming local TCP Connector on port 64656" [_thread_in_native, id=7944, stack(0x00000087c8f00000,0x00000087c9000000)]
  0x000001a0777aa800 JavaThread "Daemon periodic checks" [_thread_blocked, id=9572, stack(0x00000087c9200000,0x00000087c9300000)]
  0x000001a078718000 JavaThread "Cache worker for file hash cache (C:\Users\Akimbek\.gradle\caches\7.0.2\fileHashes)" [_thread_blocked, id=2944, stack(0x00000087ca300000,0x00000087ca400000)]
  0x000001a078715800 JavaThread "File lock request listener" [_thread_in_native, id=2720, stack(0x00000087ca400000,0x00000087ca500000)]
  0x000001a078714800 JavaThread "Cache worker for journal cache (C:\Users\Akimbek\.gradle\caches\journal-1)" [_thread_blocked, id=10888, stack(0x00000087ca600000,0x00000087ca700000)]
  0x000001a078718800 JavaThread "File watcher server" daemon [_thread_in_native, id=10816, stack(0x00000087ca800000,0x00000087ca900000)]
  0x000001a07871b000 JavaThread "File watcher consumer" daemon [_thread_blocked, id=8740, stack(0x00000087ca900000,0x00000087caa00000)]
  0x000001a078439800 JavaThread "Cache worker for execution history cache (C:\Users\Akimbek\.gradle\caches\7.0.2\executionHistory)" [_thread_blocked, id=9992, stack(0x00000087cad00000,0x00000087cae00000)]
  0x000001a078436800 JavaThread "jar transforms" [_thread_blocked, id=10956, stack(0x00000087caf00000,0x00000087cb000000)]
  0x000001a078435800 JavaThread "jar transforms Thread 2" [_thread_blocked, id=5856, stack(0x00000087cb000000,0x00000087cb100000)]
  0x000001a078438000 JavaThread "Cache worker for file content cache (C:\Users\Akimbek\.gradle\caches\7.0.2\fileContent)" [_thread_blocked, id=5536, stack(0x00000087cb100000,0x00000087cb200000)]
  0x000001a07843d800 JavaThread "jar transforms Thread 3" [_thread_blocked, id=11072, stack(0x00000087cb300000,0x00000087cb400000)]
  0x000001a07c5e5000 JavaThread "jar transforms Thread 4" [_thread_blocked, id=10536, stack(0x00000087cbd00000,0x00000087cbe00000)]
  0x000001a07c5e4800 JavaThread "jar transforms Thread 5" [_thread_blocked, id=3208, stack(0x00000087cbe00000,0x00000087cbf00000)]
  0x000001a07c5e0800 JavaThread "jar transforms Thread 6" [_thread_blocked, id=4340, stack(0x00000087cbf00000,0x00000087cc000000)]
  0x000001a07c5e7000 JavaThread "jar transforms Thread 7" [_thread_blocked, id=7648, stack(0x00000087cc000000,0x00000087cc100000)]
  0x000001a07c5e6000 JavaThread "jar transforms Thread 8" [_thread_blocked, id=668, stack(0x00000087cc100000,0x00000087cc200000)]
  0x000001a07c5e8800 JavaThread "Memory manager" [_thread_blocked, id=11164, stack(0x00000087cc200000,0x00000087cc300000)]
  0x000001a07eae5000 JavaThread "RMI Scheduler(0)" daemon [_thread_blocked, id=6164, stack(0x00000087c9a00000,0x00000087c9b00000)]
  0x000001a07eae5800 JavaThread "RMI GC Daemon" daemon [_thread_blocked, id=11216, stack(0x00000087ccc00000,0x00000087ccd00000)]
  0x000001a07eae1000 JavaThread "RMI TCP Accept-0" daemon [_thread_in_native, id=10516, stack(0x00000087cce00000,0x00000087ccf00000)]
  0x000001a07eae6800 JavaThread "RMI Reaper" [_thread_blocked, id=7456, stack(0x00000087ccf00000,0x00000087cd000000)]
  0x000001a00086e000 JavaThread "ForkJoinPool.commonPool-worker-15" daemon [_thread_blocked, id=2976, stack(0x00000087ce100000,0x00000087ce200000)]
  0x000001a000867000 JavaThread "Daemon Thread 2" [_thread_blocked, id=9076, stack(0x00000087c7b00000,0x00000087c7c00000)]
  0x000001a000864800 JavaThread "Handler for socket connection from /127.0.0.1:64656 to /127.0.0.1:64380" [_thread_in_native, id=7708, stack(0x00000087c7c00000,0x00000087c7d00000)]
  0x000001a000861000 JavaThread "Cancel handler" [_thread_blocked, id=6112, stack(0x00000087c7d00000,0x00000087c7e00000)]
  0x000001a000863800 JavaThread "Daemon worker Thread 2" [_thread_in_vm, id=428, stack(0x00000087c9300000,0x00000087c9400000)]
  0x000001a000866000 JavaThread "Asynchronous log dispatcher for DefaultDaemonConnection: socket connection from /127.0.0.1:64656 to /127.0.0.1:64380" [_thread_blocked, id=8344, stack(0x00000087c9400000,0x00000087c9500000)]
  0x000001a000863000 JavaThread "Stdin handler" [_thread_blocked, id=6868, stack(0x00000087c9500000,0x00000087c9600000)]
  0x000001a000867800 JavaThread "Daemon client event forwarder" [_thread_blocked, id=10932, stack(0x00000087c9600000,0x00000087c9700000)]
  0x000001a000862000 JavaThread "Cache worker for file hash cache (C:\Users\Akimbek\AndroidStudioProjects\SmartRemarketTestTask\.gradle\7.0.2\fileHashes)" [_thread_blocked, id=10396, stack(0x00000087c9700000,0x00000087c9800000)]
  0x000001a000869800 JavaThread "Cache worker for checksums cache (C:\Users\Akimbek\AndroidStudioProjects\SmartRemarketTestTask\.gradle\checksums)" [_thread_blocked, id=9724, stack(0x00000087c9800000,0x00000087c9900000)]
  0x000001a00086a000 JavaThread "Cache worker for cache directory md-supplier (C:\Users\Akimbek\.gradle\caches\7.0.2\md-supplier)" [_thread_blocked, id=1124, stack(0x00000087c9900000,0x00000087c9a00000)]
  0x000001a00086b000 JavaThread "Cache worker for cache directory md-rule (C:\Users\Akimbek\.gradle\caches\7.0.2\md-rule)" [_thread_blocked, id=7520, stack(0x00000087ca700000,0x00000087ca800000)]
  0x000001a000865800 JavaThread "Cache worker for dependencies-accessors (C:\Users\Akimbek\AndroidStudioProjects\SmartRemarketTestTask\.gradle\7.0.2\dependencies-accessors)" [_thread_blocked, id=5912, stack(0x00000087cab00000,0x00000087cac00000)]
  0x000001a00086c000 JavaThread "Cache worker for Build Output Cleanup Cache (C:\Users\Akimbek\AndroidStudioProjects\SmartRemarketTestTask\.gradle\buildOutputCleanup)" [_thread_blocked, id=9556, stack(0x00000087cac00000,0x00000087cad00000)]
  0x000001a000870000 JavaThread "Build operations" [_thread_blocked, id=5420, stack(0x00000087cae00000,0x00000087caf00000)]
  0x000001a00086c800 JavaThread "Build operations Thread 2" [_thread_blocked, id=8596, stack(0x00000087cb200000,0x00000087cb300000)]
  0x000001a00086f000 JavaThread "Build operations Thread 3" [_thread_blocked, id=4892, stack(0x00000087cb400000,0x00000087cb500000)]
  0x000001a00086d800 JavaThread "Build operations Thread 4" [_thread_blocked, id=9432, stack(0x00000087cb500000,0x00000087cb600000)]
  0x000001a07c5e2000 JavaThread "Build operations Thread 5" [_thread_blocked, id=1836, stack(0x00000087cb600000,0x00000087cb700000)]
  0x000001a07c5e9800 JavaThread "Build operations Thread 6" [_thread_blocked, id=4076, stack(0x00000087cb700000,0x00000087cb800000)]
  0x000001a07c5e3800 JavaThread "Build operations Thread 7" [_thread_blocked, id=8764, stack(0x00000087cb800000,0x00000087cb900000)]
  0x000001a07c5ec800 JavaThread "Build operations Thread 8" [_thread_blocked, id=11036, stack(0x00000087cb900000,0x00000087cba00000)]
  0x000001a00121f800 JavaThread "C2 CompilerThread1" daemon [_thread_in_native, id=5592, stack(0x00000087caa00000,0x00000087cab00000)]
=>0x000001a07f2ef000 JavaThread "C2 CompilerThread2" daemon [_thread_in_native, id=2420, stack(0x00000087cba00000,0x00000087cbb00000)]

Other Threads:
  0x000001a07507d000 VMThread "VM Thread" [stack: 0x00000087c8400000,0x00000087c8500000] [id=10248]
  0x000001a075b9b000 WatcherThread [stack: 0x00000087c8e00000,0x00000087c8f00000] [id=492]
  0x000001a05ac35800 GCTaskThread "GC Thread#0" [stack: 0x00000087c7f00000,0x00000087c8000000] [id=3792]
  0x000001a075e41800 GCTaskThread "GC Thread#1" [stack: 0x00000087c9100000,0x00000087c9200000] [id=4124]
  0x000001a077ee7800 GCTaskThread "GC Thread#2" [stack: 0x00000087c9b00000,0x00000087c9c00000] [id=5760]
  0x000001a077ee8000 GCTaskThread "GC Thread#3" [stack: 0x00000087c9c00000,0x00000087c9d00000] [id=6888]
  0x000001a077b12800 GCTaskThread "GC Thread#4" [stack: 0x00000087c9d00000,0x00000087c9e00000] [id=10136]
  0x000001a077b13800 GCTaskThread "GC Thread#5" [stack: 0x00000087c9e00000,0x00000087c9f00000] [id=1556]
  0x000001a075e61800 GCTaskThread "GC Thread#6" [stack: 0x00000087c9f00000,0x00000087ca000000] [id=2676]
  0x000001a075e62000 GCTaskThread "GC Thread#7" [stack: 0x00000087ca000000,0x00000087ca100000] [id=9428]
  0x000001a05ac6a000 ConcurrentGCThread "G1 Main Marker" [stack: 0x00000087c8000000,0x00000087c8100000] [id=8052]
  0x000001a05ac6c000 ConcurrentGCThread "G1 Conc#0" [stack: 0x00000087c8100000,0x00000087c8200000] [id=10868]
  0x000001a07616d000 ConcurrentGCThread "G1 Conc#1" [stack: 0x00000087ca500000,0x00000087ca600000] [id=10460]
  0x000001a074ed0800 ConcurrentGCThread "G1 Refine#0" [stack: 0x00000087c8200000,0x00000087c8300000] [id=4944]
  0x000001a0763da000 ConcurrentGCThread "G1 Refine#1" [stack: 0x00000087ca100000,0x00000087ca200000] [id=5872]
  0x000001a077b2a800 ConcurrentGCThread "G1 Refine#2" [stack: 0x00000087ca200000,0x00000087ca300000] [id=9944]
  0x000001a05ace7800 ConcurrentGCThread "G1 Young RemSet Sampling" [stack: 0x00000087c8300000,0x00000087c8400000] [id=5336]

Threads with active compile tasks:
C2 CompilerThread02320747 16282       4       org.gradle.api.internal.artifacts.transform.AttributeMatchingVariantSelector::doSelect (469 bytes)
C2 CompilerThread12320747 16296   !   4       org.gradle.api.internal.artifacts.transform.TransformingAsyncArtifactListener$TransformedArtifact::finalizeValue (165 bytes)
C2 CompilerThread22320747 16295       4       org.gradle.internal.component.model.ComponentAttributeMatcher::isMatching (147 bytes)

VM state:not at safepoint (normal execution)

VM Mutex/Monitor currently owned by a thread: None

Heap address: 0x0000000080000000, size: 2048 MB, Compressed Oops mode: 32-bit
Narrow klass base: 0x0000000000000000, Narrow klass shift: 3
Compressed class space size: 1073741824 Address: 0x0000000100000000

Heap:
 garbage-first heap   total 256000K, used 136571K [0x0000000080000000, 0x0000000100000000)
  region size 1024K, 10 young (10240K), 5 survivors (5120K)
 Metaspace       used 120674K, capacity 124062K, committed 124260K, reserved 1157120K
  class space    used 15738K, capacity 17008K, committed 17072K, reserved 1048576K
Heap Regions: E=young(eden), S=young(survivor), O=old, HS=humongous(starts), HC=humongous(continues), CS=collection set, F=free, A=archive, TAMS=top-at-mark-start (previous, next)
|   0|0x0000000080000000, 0x0000000080100000, 0x0000000080100000|100%| O|  |TAMS 0x0000000080100000, 0x0000000080000000| Complete 
|   1|0x0000000080100000, 0x0000000080200000, 0x0000000080200000|100%| O|  |TAMS 0x0000000080200000, 0x0000000080100000| Untracked 
|   2|0x0000000080200000, 0x0000000080300000, 0x0000000080300000|100%| O|  |TAMS 0x0000000080300000, 0x0000000080200000| Complete 
|   3|0x0000000080300000, 0x0000000080400000, 0x0000000080400000|100%|HS|  |TAMS 0x0000000080400000, 0x0000000080300000| Complete 
|   4|0x0000000080400000, 0x0000000080500000, 0x0000000080500000|100%|HC|  |TAMS 0x0000000080500000, 0x0000000080400000| Complete 
|   5|0x0000000080500000, 0x0000000080600000, 0x0000000080600000|100%|HC|  |TAMS 0x0000000080600000, 0x0000000080500000| Complete 
|   6|0x0000000080600000, 0x0000000080700000, 0x0000000080700000|100%| O|  |TAMS 0x0000000080700000, 0x0000000080600000| Untracked 
|   7|0x0000000080700000, 0x0000000080800000, 0x0000000080800000|100%| O|  |TAMS 0x0000000080800000, 0x0000000080700000| Untracked 
|   8|0x0000000080800000, 0x0000000080900000, 0x0000000080900000|100%| O|  |TAMS 0x0000000080900000, 0x0000000080800000| Complete 
|   9|0x0000000080900000, 0x0000000080a00000, 0x0000000080a00000|100%| O|  |TAMS 0x0000000080a00000, 0x0000000080900000| Untracked 
|  10|0x0000000080a00000, 0x0000000080b00000, 0x0000000080b00000|100%| O|  |TAMS 0x0000000080b00000, 0x0000000080a00000| Untracked 
|  11|0x0000000080b00000, 0x0000000080c00000, 0x0000000080c00000|100%| O|  |TAMS 0x0000000080c00000, 0x0000000080b00000| Untracked 
|  12|0x0000000080c00000, 0x0000000080d00000, 0x0000000080d00000|100%| O|  |TAMS 0x0000000080d00000, 0x0000000080c00000| Untracked 
|  13|0x0000000080d00000, 0x0000000080e00000, 0x0000000080e00000|100%| O|  |TAMS 0x0000000080e00000, 0x0000000080d00000| Complete 
|  14|0x0000000080e00000, 0x0000000080f00000, 0x0000000080f00000|100%| O|  |TAMS 0x0000000080f00000, 0x0000000080e00000| Untracked 
|  15|0x0000000080f00000, 0x0000000081000000, 0x0000000081000000|100%| O|  |TAMS 0x0000000081000000, 0x0000000080f00000| Untracked 
|  16|0x0000000081000000, 0x0000000081100000, 0x0000000081100000|100%| O|  |TAMS 0x0000000081100000, 0x0000000081000000| Complete 
|  17|0x0000000081100000, 0x0000000081200000, 0x0000000081200000|100%| O|  |TAMS 0x0000000081200000, 0x0000000081100000| Complete 
|  18|0x0000000081200000, 0x0000000081300000, 0x0000000081300000|100%| O|  |TAMS 0x0000000081300000, 0x0000000081200000| Complete 
|  19|0x0000000081300000, 0x0000000081400000, 0x0000000081400000|100%| O|  |TAMS 0x0000000081400000, 0x0000000081300000| Complete 
|  20|0x0000000081400000, 0x0000000081500000, 0x0000000081500000|100%| O|  |TAMS 0x0000000081500000, 0x0000000081400000| Complete 
|  21|0x0000000081500000, 0x0000000081600000, 0x0000000081600000|100%| O|  |TAMS 0x0000000081600000, 0x0000000081500000| Untracked 
|  22|0x0000000081600000, 0x0000000081700000, 0x0000000081700000|100%| O|  |TAMS 0x0000000081700000, 0x0000000081600000| Untracked 
|  23|0x0000000081700000, 0x0000000081800000, 0x0000000081800000|100%| O|  |TAMS 0x0000000081800000, 0x0000000081700000| Complete 
|  24|0x0000000081800000, 0x0000000081900000, 0x0000000081900000|100%| O|  |TAMS 0x0000000081900000, 0x0000000081800000| Complete 
|  25|0x0000000081900000, 0x0000000081a00000, 0x0000000081a00000|100%| O|  |TAMS 0x0000000081a00000, 0x0000000081900000| Complete 
|  26|0x0000000081a00000, 0x0000000081b00000, 0x0000000081b00000|100%| O|  |TAMS 0x0000000081b00000, 0x0000000081a00000| Complete 
|  27|0x0000000081b00000, 0x0000000081c00000, 0x0000000081c00000|100%| O|  |TAMS 0x0000000081c00000, 0x0000000081b00000| Untracked 
|  28|0x0000000081c00000, 0x0000000081d00000, 0x0000000081d00000|100%|HS|  |TAMS 0x0000000081d00000, 0x0000000081c00000| Complete 
|  29|0x0000000081d00000, 0x0000000081e00000, 0x0000000081e00000|100%|HS|  |TAMS 0x0000000081e00000, 0x0000000081d00000| Complete 
|  30|0x0000000081e00000, 0x0000000081f00000, 0x0000000081f00000|100%|HS|  |TAMS 0x0000000081f00000, 0x0000000081e00000| Complete 
|  31|0x0000000081f00000, 0x0000000082000000, 0x0000000082000000|100%|HS|  |TAMS 0x0000000082000000, 0x0000000081f00000| Complete 
|  32|0x0000000082000000, 0x0000000082100000, 0x0000000082100000|100%|HC|  |TAMS 0x0000000082100000, 0x0000000082000000| Complete 
|  33|0x0000000082100000, 0x0000000082200000, 0x0000000082200000|100%|HC|  |TAMS 0x0000000082200000, 0x0000000082100000| Complete 
|  34|0x0000000082200000, 0x0000000082300000, 0x0000000082300000|100%|HS|  |TAMS 0x0000000082300000, 0x0000000082200000| Complete 
|  35|0x0000000082300000, 0x0000000082400000, 0x0000000082400000|100%|HC|  |TAMS 0x0000000082400000, 0x0000000082300000| Complete 
|  36|0x0000000082400000, 0x0000000082500000, 0x0000000082500000|100%| O|  |TAMS 0x0000000082500000, 0x0000000082400000| Complete 
|  37|0x0000000082500000, 0x0000000082600000, 0x0000000082600000|100%| O|  |TAMS 0x0000000082600000, 0x0000000082500000| Complete 
|  38|0x0000000082600000, 0x0000000082700000, 0x0000000082700000|100%| O|  |TAMS 0x0000000082700000, 0x0000000082600000| Untracked 
|  39|0x0000000082700000, 0x0000000082800000, 0x0000000082800000|100%| O|  |TAMS 0x0000000082800000, 0x0000000082700000| Untracked 
|  40|0x0000000082800000, 0x0000000082900000, 0x0000000082900000|100%| O|  |TAMS 0x0000000082900000, 0x0000000082800000| Complete 
|  41|0x0000000082900000, 0x0000000082a00000, 0x0000000082a00000|100%| O|  |TAMS 0x0000000082a00000, 0x0000000082900000| Untracked 
|  42|0x0000000082a00000, 0x0000000082a00000, 0x0000000082b00000|  0%| F|  |TAMS 0x0000000082a00000, 0x0000000082a00000| Untracked 
|  43|0x0000000082b00000, 0x0000000082c00000, 0x0000000082c00000|100%| O|  |TAMS 0x0000000082c00000, 0x0000000082b00000| Untracked 
|  44|0x0000000082c00000, 0x0000000082d00000, 0x0000000082d00000|100%| O|  |TAMS 0x0000000082d00000, 0x0000000082c00000| Untracked 
|  45|0x0000000082d00000, 0x0000000082e00000, 0x0000000082e00000|100%| O|  |TAMS 0x0000000082e00000, 0x0000000082d00000| Untracked 
|  46|0x0000000082e00000, 0x0000000082f00000, 0x0000000082f00000|100%| O|  |TAMS 0x0000000082f00000, 0x0000000082e00000| Untracked 
|  47|0x0000000082f00000, 0x0000000083000000, 0x0000000083000000|100%| O|  |TAMS 0x0000000083000000, 0x0000000082f00000| Untracked 
|  48|0x0000000083000000, 0x0000000083100000, 0x0000000083100000|100%| O|  |TAMS 0x0000000083100000, 0x0000000083000000| Complete 
|  49|0x0000000083100000, 0x0000000083200000, 0x0000000083200000|100%| O|  |TAMS 0x0000000083200000, 0x0000000083100000| Untracked 
|  50|0x0000000083200000, 0x0000000083300000, 0x0000000083300000|100%| O|  |TAMS 0x0000000083300000, 0x0000000083200000| Complete 
|  51|0x0000000083300000, 0x0000000083400000, 0x0000000083400000|100%| O|  |TAMS 0x0000000083400000, 0x0000000083300000| Untracked 
|  52|0x0000000083400000, 0x0000000083500000, 0x0000000083500000|100%| O|  |TAMS 0x0000000083500000, 0x0000000083400000| Untracked 
|  53|0x0000000083500000, 0x0000000083600000, 0x0000000083600000|100%| O|  |TAMS 0x0000000083600000, 0x0000000083500000| Complete 
|  54|0x0000000083600000, 0x0000000083700000, 0x0000000083700000|100%| O|  |TAMS 0x0000000083700000, 0x0000000083600000| Complete 
|  55|0x0000000083700000, 0x0000000083800000, 0x0000000083800000|100%| O|  |TAMS 0x0000000083800000, 0x0000000083700000| Complete 
|  56|0x0000000083800000, 0x0000000083900000, 0x0000000083900000|100%| O|  |TAMS 0x0000000083800000, 0x0000000083800000| Untracked 
|  57|0x0000000083900000, 0x0000000083a00000, 0x0000000083a00000|100%| O|  |TAMS 0x0000000083a00000, 0x0000000083900000| Untracked 
|  58|0x0000000083a00000, 0x0000000083b00000, 0x0000000083b00000|100%| O|  |TAMS 0x0000000083b00000, 0x0000000083a00000| Complete 
|  59|0x0000000083b00000, 0x0000000083c00000, 0x0000000083c00000|100%| O|  |TAMS 0x0000000083c00000, 0x0000000083b00000| Complete 
|  60|0x0000000083c00000, 0x0000000083d00000, 0x0000000083d00000|100%| O|  |TAMS 0x0000000083d00000, 0x0000000083c00000| Complete 
|  61|0x0000000083d00000, 0x0000000083e00000, 0x0000000083e00000|100%| O|  |TAMS 0x0000000083e00000, 0x0000000083d00000| Complete 
|  62|0x0000000083e00000, 0x0000000083f00000, 0x0000000083f00000|100%| O|  |TAMS 0x0000000083f00000, 0x0000000083e00000| Untracked 
|  63|0x0000000083f00000, 0x0000000084000000, 0x0000000084000000|100%| O|  |TAMS 0x0000000084000000, 0x0000000083f00000| Untracked 
|  64|0x0000000084000000, 0x0000000084100000, 0x0000000084100000|100%| O|  |TAMS 0x0000000084100000, 0x0000000084000000| Untracked 
|  65|0x0000000084100000, 0x0000000084200000, 0x0000000084200000|100%| O|  |TAMS 0x0000000084200000, 0x0000000084100000| Untracked 
|  66|0x0000000084200000, 0x0000000084300000, 0x0000000084300000|100%| O|  |TAMS 0x0000000084300000, 0x0000000084200000| Complete 
|  67|0x0000000084300000, 0x0000000084400000, 0x0000000084400000|100%| O|  |TAMS 0x0000000084400000, 0x0000000084300000| Untracked 
|  68|0x0000000084400000, 0x0000000084500000, 0x0000000084500000|100%| O|  |TAMS 0x0000000084500000, 0x0000000084400000| Complete 
|  69|0x0000000084500000, 0x0000000084600000, 0x0000000084600000|100%| O|  |TAMS 0x0000000084600000, 0x0000000084500000| Complete 
|  70|0x0000000084600000, 0x0000000084700000, 0x0000000084700000|100%| O|  |TAMS 0x0000000084700000, 0x0000000084600000| Untracked 
|  71|0x0000000084700000, 0x0000000084800000, 0x0000000084800000|100%| O|  |TAMS 0x0000000084800000, 0x0000000084700000| Complete 
|  72|0x0000000084800000, 0x0000000084900000, 0x0000000084900000|100%| O|  |TAMS 0x0000000084900000, 0x0000000084800000| Untracked 
|  73|0x0000000084900000, 0x0000000084a00000, 0x0000000084a00000|100%| O|  |TAMS 0x0000000084a00000, 0x0000000084900000| Untracked 
|  74|0x0000000084a00000, 0x0000000084b00000, 0x0000000084b00000|100%| O|  |TAMS 0x0000000084b00000, 0x0000000084a00000| Untracked 
|  75|0x0000000084b00000, 0x0000000084c00000, 0x0000000084c00000|100%| O|  |TAMS 0x0000000084c00000, 0x0000000084b00000| Untracked 
|  76|0x0000000084c00000, 0x0000000084d00000, 0x0000000084d00000|100%| O|  |TAMS 0x0000000084d00000, 0x0000000084c00000| Complete 
|  77|0x0000000084d00000, 0x0000000084e00000, 0x0000000084e00000|100%| O|  |TAMS 0x0000000084e00000, 0x0000000084d00000| Untracked 
|  78|0x0000000084e00000, 0x0000000084f00000, 0x0000000084f00000|100%| O|  |TAMS 0x0000000084f00000, 0x0000000084e00000| Complete 
|  79|0x0000000084f00000, 0x0000000085000000, 0x0000000085000000|100%| O|  |TAMS 0x0000000085000000, 0x0000000084f00000| Complete 
|  80|0x0000000085000000, 0x0000000085100000, 0x0000000085100000|100%| O|  |TAMS 0x0000000085100000, 0x0000000085000000| Untracked 
|  81|0x0000000085100000, 0x0000000085200000, 0x0000000085200000|100%| O|  |TAMS 0x0000000085200000, 0x0000000085100000| Complete 
|  82|0x0000000085200000, 0x0000000085300000, 0x0000000085300000|100%| O|  |TAMS 0x0000000085300000, 0x0000000085200000| Untracked 
|  83|0x0000000085300000, 0x0000000085400000, 0x0000000085400000|100%| O|  |TAMS 0x00000000853d5a00, 0x0000000085300000| Untracked 
|  84|0x0000000085400000, 0x0000000085500000, 0x0000000085500000|100%| O|  |TAMS 0x0000000085500000, 0x0000000085400000| Untracked 
|  85|0x0000000085500000, 0x0000000085600000, 0x0000000085600000|100%| O|  |TAMS 0x0000000085600000, 0x0000000085500000| Untracked 
|  86|0x0000000085600000, 0x0000000085700000, 0x0000000085700000|100%| O|  |TAMS 0x0000000085700000, 0x0000000085600000| Untracked 
|  87|0x0000000085700000, 0x0000000085800000, 0x0000000085800000|100%| O|  |TAMS 0x0000000085800000, 0x0000000085700000| Complete 
|  88|0x0000000085800000, 0x0000000085900000, 0x0000000085900000|100%| O|  |TAMS 0x0000000085800000, 0x0000000085800000| Untracked 
|  89|0x0000000085900000, 0x0000000085a00000, 0x0000000085a00000|100%| O|  |TAMS 0x0000000085900000, 0x0000000085900000| Untracked 
|  90|0x0000000085a00000, 0x0000000085a37200, 0x0000000085b00000| 21%| O|  |TAMS 0x0000000085a00000, 0x0000000085a00000| Untracked 
|  91|0x0000000085b00000, 0x0000000085b00000, 0x0000000085c00000|  0%| F|  |TAMS 0x0000000085b00000, 0x0000000085b00000| Untracked 
|  92|0x0000000085c00000, 0x0000000085d00000, 0x0000000085d00000|100%| O|  |TAMS 0x0000000085d00000, 0x0000000085c00000| Complete 
|  93|0x0000000085d00000, 0x0000000085d00000, 0x0000000085e00000|  0%| F|  |TAMS 0x0000000085d00000, 0x0000000085d00000| Untracked 
|  94|0x0000000085e00000, 0x0000000085e00000, 0x0000000085f00000|  0%| F|  |TAMS 0x0000000085e00000, 0x0000000085e00000| Untracked 
|  95|0x0000000085f00000, 0x0000000085f00000, 0x0000000086000000|  0%| F|  |TAMS 0x0000000085f00000, 0x0000000085f00000| Untracked 
|  96|0x0000000086000000, 0x0000000086100000, 0x0000000086100000|100%| O|  |TAMS 0x0000000086100000, 0x0000000086000000| Complete 
|  97|0x0000000086100000, 0x0000000086200000, 0x0000000086200000|100%| O|  |TAMS 0x0000000086200000, 0x0000000086100000| Complete 
|  98|0x0000000086200000, 0x0000000086200000, 0x0000000086300000|  0%| F|  |TAMS 0x0000000086200000, 0x0000000086200000| Untracked 
|  99|0x0000000086300000, 0x0000000086400000, 0x0000000086400000|100%|HS|  |TAMS 0x0000000086400000, 0x0000000086300000| Complete 
| 100|0x0000000086400000, 0x0000000086500000, 0x0000000086500000|100%|HC|  |TAMS 0x0000000086500000, 0x0000000086400000| Complete 
| 101|0x0000000086500000, 0x0000000086600000, 0x0000000086600000|100%|HS|  |TAMS 0x0000000086600000, 0x0000000086500000| Complete 
| 102|0x0000000086600000, 0x0000000086700000, 0x0000000086700000|100%|HC|  |TAMS 0x0000000086700000, 0x0000000086600000| Complete 
| 103|0x0000000086700000, 0x0000000086800000, 0x0000000086800000|100%|HC|  |TAMS 0x0000000086800000, 0x0000000086700000| Complete 
| 104|0x0000000086800000, 0x0000000086900000, 0x0000000086900000|100%|HS|  |TAMS 0x0000000086900000, 0x0000000086800000| Complete 
| 105|0x0000000086900000, 0x0000000086a00000, 0x0000000086a00000|100%|HC|  |TAMS 0x0000000086a00000, 0x0000000086900000| Complete 
| 106|0x0000000086a00000, 0x0000000086b00000, 0x0000000086b00000|100%|HC|  |TAMS 0x0000000086b00000, 0x0000000086a00000| Complete 
| 107|0x0000000086b00000, 0x0000000086c00000, 0x0000000086c00000|100%|HC|  |TAMS 0x0000000086c00000, 0x0000000086b00000| Complete 
| 108|0x0000000086c00000, 0x0000000086d00000, 0x0000000086d00000|100%|HC|  |TAMS 0x0000000086d00000, 0x0000000086c00000| Complete 
| 109|0x0000000086d00000, 0x0000000086e00000, 0x0000000086e00000|100%|HS|  |TAMS 0x0000000086e00000, 0x0000000086d00000| Complete 
| 110|0x0000000086e00000, 0x0000000086f00000, 0x0000000086f00000|100%|HC|  |TAMS 0x0000000086f00000, 0x0000000086e00000| Complete 
| 111|0x0000000086f00000, 0x0000000087000000, 0x0000000087000000|100%|HC|  |TAMS 0x0000000087000000, 0x0000000086f00000| Complete 
| 112|0x0000000087000000, 0x0000000087100000, 0x0000000087100000|100%| O|  |TAMS 0x0000000087100000, 0x0000000087000000| Complete 
| 113|0x0000000087100000, 0x0000000087200000, 0x0000000087200000|100%| O|  |TAMS 0x0000000087200000, 0x0000000087100000| Complete 
| 114|0x0000000087200000, 0x0000000087200000, 0x0000000087300000|  0%| F|  |TAMS 0x0000000087200000, 0x0000000087200000| Untracked 
| 115|0x0000000087300000, 0x0000000087400000, 0x0000000087400000|100%|HS|  |TAMS 0x0000000087400000, 0x0000000087300000| Complete 
| 116|0x0000000087400000, 0x0000000087500000, 0x0000000087500000|100%|HC|  |TAMS 0x0000000087500000, 0x0000000087400000| Complete 
| 117|0x0000000087500000, 0x0000000087600000, 0x0000000087600000|100%|HC|  |TAMS 0x0000000087600000, 0x0000000087500000| Complete 
| 118|0x0000000087600000, 0x0000000087700000, 0x0000000087700000|100%|HC|  |TAMS 0x0000000087700000, 0x0000000087600000| Complete 
| 119|0x0000000087700000, 0x0000000087800000, 0x0000000087800000|100%|HC|  |TAMS 0x0000000087800000, 0x0000000087700000| Complete 
| 120|0x0000000087800000, 0x0000000087900000, 0x0000000087900000|100%| O|  |TAMS 0x0000000087900000, 0x0000000087800000| Complete 
| 121|0x0000000087900000, 0x0000000087a00000, 0x0000000087a00000|100%| O|  |TAMS 0x0000000087a00000, 0x0000000087900000| Complete 
| 122|0x0000000087a00000, 0x0000000087a00000, 0x0000000087b00000|  0%| F|  |TAMS 0x0000000087a00000, 0x0000000087a00000| Untracked 
| 123|0x0000000087b00000, 0x0000000087b00000, 0x0000000087c00000|  0%| F|  |TAMS 0x0000000087b00000, 0x0000000087b00000| Untracked 
| 124|0x0000000087c00000, 0x0000000087d00000, 0x0000000087d00000|100%| O|  |TAMS 0x0000000087d00000, 0x0000000087c00000| Complete 
| 125|0x0000000087d00000, 0x0000000087e00000, 0x0000000087e00000|100%| O|  |TAMS 0x0000000087e00000, 0x0000000087d00000| Untracked 
| 126|0x0000000087e00000, 0x0000000087f00000, 0x0000000087f00000|100%| O|  |TAMS 0x0000000087f00000, 0x0000000087e00000| Untracked 
| 127|0x0000000087f00000, 0x0000000088000000, 0x0000000088000000|100%| O|  |TAMS 0x0000000088000000, 0x0000000087f00000| Untracked 
| 128|0x0000000088000000, 0x0000000088100000, 0x0000000088100000|100%| O|  |TAMS 0x0000000088100000, 0x0000000088000000| Complete 
| 129|0x0000000088100000, 0x0000000088200000, 0x0000000088200000|100%| O|  |TAMS 0x0000000088200000, 0x0000000088100000| Untracked 
| 130|0x0000000088200000, 0x0000000088300000, 0x0000000088300000|100%| O|  |TAMS 0x0000000088300000, 0x0000000088200000| Untracked 
| 131|0x0000000088300000, 0x0000000088400000, 0x0000000088400000|100%| O|  |TAMS 0x0000000088400000, 0x0000000088300000| Untracked 
| 132|0x0000000088400000, 0x0000000088500000, 0x0000000088500000|100%| O|  |TAMS 0x0000000088500000, 0x0000000088400000| Untracked 
| 133|0x0000000088500000, 0x0000000088600000, 0x0000000088600000|100%| O|  |TAMS 0x0000000088600000, 0x0000000088500000| Untracked 
| 134|0x0000000088600000, 0x0000000088700000, 0x0000000088700000|100%| O|  |TAMS 0x0000000088700000, 0x0000000088600000| Complete 
| 135|0x0000000088700000, 0x0000000088700000, 0x0000000088800000|  0%| F|  |TAMS 0x0000000088700000, 0x0000000088700000| Untracked 
| 136|0x0000000088800000, 0x0000000088800000, 0x0000000088900000|  0%| F|  |TAMS 0x0000000088800000, 0x0000000088800000| Untracked 
| 137|0x0000000088900000, 0x0000000088900000, 0x0000000088a00000|  0%| F|  |TAMS 0x0000000088900000, 0x0000000088900000| Untracked 
| 138|0x0000000088a00000, 0x0000000088a00000, 0x0000000088b00000|  0%| F|  |TAMS 0x0000000088a00000, 0x0000000088a00000| Untracked 
| 139|0x0000000088b00000, 0x0000000088b00000, 0x0000000088c00000|  0%| F|  |TAMS 0x0000000088b00000, 0x0000000088b00000| Untracked 
| 140|0x0000000088c00000, 0x0000000088c00000, 0x0000000088d00000|  0%| F|  |TAMS 0x0000000088c00000, 0x0000000088c00000| Untracked 
| 141|0x0000000088d00000, 0x0000000088d00000, 0x0000000088e00000|  0%| F|  |TAMS 0x0000000088d00000, 0x0000000088d00000| Untracked 
| 142|0x0000000088e00000, 0x0000000088e00000, 0x0000000088f00000|  0%| F|  |TAMS 0x0000000088e00000, 0x0000000088e00000| Untracked 
| 143|0x0000000088f00000, 0x0000000088f00000, 0x0000000089000000|  0%| F|  |TAMS 0x0000000088f00000, 0x0000000088f00000| Untracked 
| 144|0x0000000089000000, 0x0000000089000000, 0x0000000089100000|  0%| F|  |TAMS 0x0000000089000000, 0x0000000089000000| Untracked 
| 145|0x0000000089100000, 0x0000000089100000, 0x0000000089200000|  0%| F|  |TAMS 0x0000000089100000, 0x0000000089100000| Untracked 
| 146|0x0000000089200000, 0x0000000089200000, 0x0000000089300000|  0%| F|  |TAMS 0x0000000089200000, 0x0000000089200000| Untracked 
| 147|0x0000000089300000, 0x0000000089300000, 0x0000000089400000|  0%| F|  |TAMS 0x0000000089300000, 0x0000000089300000| Untracked 
| 148|0x0000000089400000, 0x0000000089400000, 0x0000000089500000|  0%| F|  |TAMS 0x0000000089400000, 0x0000000089400000| Untracked 
| 149|0x0000000089500000, 0x0000000089500000, 0x0000000089600000|  0%| F|  |TAMS 0x0000000089500000, 0x0000000089500000| Untracked 
| 150|0x0000000089600000, 0x0000000089600000, 0x0000000089700000|  0%| F|  |TAMS 0x0000000089600000, 0x0000000089600000| Untracked 
| 151|0x0000000089700000, 0x0000000089700000, 0x0000000089800000|  0%| F|  |TAMS 0x0000000089700000, 0x0000000089700000| Untracked 
| 152|0x0000000089800000, 0x0000000089800000, 0x0000000089900000|  0%| F|  |TAMS 0x0000000089800000, 0x0000000089800000| Untracked 
| 153|0x0000000089900000, 0x0000000089900000, 0x0000000089a00000|  0%| F|  |TAMS 0x0000000089900000, 0x0000000089900000| Untracked 
| 154|0x0000000089a00000, 0x0000000089a00000, 0x0000000089b00000|  0%| F|  |TAMS 0x0000000089a00000, 0x0000000089a00000| Untracked 
| 155|0x0000000089b00000, 0x0000000089b00000, 0x0000000089c00000|  0%| F|  |TAMS 0x0000000089b00000, 0x0000000089b00000| Untracked 
| 156|0x0000000089c00000, 0x0000000089c00000, 0x0000000089d00000|  0%| F|  |TAMS 0x0000000089c00000, 0x0000000089c00000| Untracked 
| 157|0x0000000089d00000, 0x0000000089d27b40, 0x0000000089e00000| 15%| S|CS|TAMS 0x0000000089d00000, 0x0000000089d00000| Complete 
| 158|0x0000000089e00000, 0x0000000089f00000, 0x0000000089f00000|100%| S|CS|TAMS 0x0000000089e00000, 0x0000000089e00000| Complete 
| 159|0x0000000089f00000, 0x000000008a000000, 0x000000008a000000|100%| S|CS|TAMS 0x0000000089f00000, 0x0000000089f00000| Complete 
| 160|0x000000008a000000, 0x000000008a100000, 0x000000008a100000|100%| S|CS|TAMS 0x000000008a000000, 0x000000008a000000| Complete 
| 161|0x000000008a100000, 0x000000008a100000, 0x000000008a200000|  0%| F|  |TAMS 0x000000008a100000, 0x000000008a100000| Untracked 
| 162|0x000000008a200000, 0x000000008a200000, 0x000000008a300000|  0%| F|  |TAMS 0x000000008a200000, 0x000000008a200000| Untracked 
| 163|0x000000008a300000, 0x000000008a300000, 0x000000008a400000|  0%| F|  |TAMS 0x000000008a300000, 0x000000008a300000| Untracked 
| 164|0x000000008a400000, 0x000000008a400000, 0x000000008a500000|  0%| F|  |TAMS 0x000000008a400000, 0x000000008a400000| Untracked 
| 165|0x000000008a500000, 0x000000008a600000, 0x000000008a600000|100%| S|CS|TAMS 0x000000008a500000, 0x000000008a500000| Complete 
| 166|0x000000008a600000, 0x000000008a600000, 0x000000008a700000|  0%| F|  |TAMS 0x000000008a600000, 0x000000008a600000| Untracked 
| 167|0x000000008a700000, 0x000000008a700000, 0x000000008a800000|  0%| F|  |TAMS 0x000000008a700000, 0x000000008a700000| Untracked 
| 168|0x000000008a800000, 0x000000008a800000, 0x000000008a900000|  0%| F|  |TAMS 0x000000008a800000, 0x000000008a800000| Untracked 
| 169|0x000000008a900000, 0x000000008a900000, 0x000000008aa00000|  0%| F|  |TAMS 0x000000008a900000, 0x000000008a900000| Untracked 
| 170|0x000000008aa00000, 0x000000008aa00000, 0x000000008ab00000|  0%| F|  |TAMS 0x000000008aa00000, 0x000000008aa00000| Untracked 
| 171|0x000000008ab00000, 0x000000008ab00000, 0x000000008ac00000|  0%| F|  |TAMS 0x000000008ab00000, 0x000000008ab00000| Untracked 
| 172|0x000000008ac00000, 0x000000008ac00000, 0x000000008ad00000|  0%| F|  |TAMS 0x000000008ac00000, 0x000000008ac00000| Untracked 
| 173|0x000000008ad00000, 0x000000008ad00000, 0x000000008ae00000|  0%| F|  |TAMS 0x000000008ad00000, 0x000000008ad00000| Untracked 
| 174|0x000000008ae00000, 0x000000008ae00000, 0x000000008af00000|  0%| F|  |TAMS 0x000000008ae00000, 0x000000008ae00000| Untracked 
| 175|0x000000008af00000, 0x000000008af00000, 0x000000008b000000|  0%| F|  |TAMS 0x000000008af00000, 0x000000008af00000| Untracked 
| 176|0x000000008b000000, 0x000000008b000000, 0x000000008b100000|  0%| F|  |TAMS 0x000000008b000000, 0x000000008b000000| Untracked 
| 177|0x000000008b100000, 0x000000008b100000, 0x000000008b200000|  0%| F|  |TAMS 0x000000008b100000, 0x000000008b100000| Untracked 
| 178|0x000000008b200000, 0x000000008b200000, 0x000000008b300000|  0%| F|  |TAMS 0x000000008b200000, 0x000000008b200000| Untracked 
| 179|0x000000008b300000, 0x000000008b300000, 0x000000008b400000|  0%| F|  |TAMS 0x000000008b300000, 0x000000008b300000| Untracked 
| 180|0x000000008b400000, 0x000000008b400000, 0x000000008b500000|  0%| F|  |TAMS 0x000000008b400000, 0x000000008b400000| Untracked 
| 181|0x000000008b500000, 0x000000008b500000, 0x000000008b600000|  0%| F|  |TAMS 0x000000008b500000, 0x000000008b500000| Untracked 
| 182|0x000000008b600000, 0x000000008b600000, 0x000000008b700000|  0%| F|  |TAMS 0x000000008b600000, 0x000000008b600000| Untracked 
| 183|0x000000008b700000, 0x000000008b700000, 0x000000008b800000|  0%| F|  |TAMS 0x000000008b700000, 0x000000008b700000| Untracked 
| 184|0x000000008b800000, 0x000000008b800000, 0x000000008b900000|  0%| F|  |TAMS 0x000000008b800000, 0x000000008b800000| Untracked 
| 185|0x000000008b900000, 0x000000008b900000, 0x000000008ba00000|  0%| F|  |TAMS 0x000000008b900000, 0x000000008b900000| Untracked 
| 186|0x000000008ba00000, 0x000000008ba00000, 0x000000008bb00000|  0%| F|  |TAMS 0x000000008ba00000, 0x000000008ba00000| Untracked 
| 187|0x000000008bb00000, 0x000000008bb00000, 0x000000008bc00000|  0%| F|  |TAMS 0x000000008bb00000, 0x000000008bb00000| Untracked 
| 188|0x000000008bc00000, 0x000000008bc00000, 0x000000008bd00000|  0%| F|  |TAMS 0x000000008bc00000, 0x000000008bc00000| Untracked 
| 189|0x000000008bd00000, 0x000000008bd00000, 0x000000008be00000|  0%| F|  |TAMS 0x000000008bd00000, 0x000000008bd00000| Untracked 
| 190|0x000000008be00000, 0x000000008be00000, 0x000000008bf00000|  0%| F|  |TAMS 0x000000008be00000, 0x000000008be00000| Untracked 
| 191|0x000000008bf00000, 0x000000008bf00000, 0x000000008c000000|  0%| F|  |TAMS 0x000000008bf00000, 0x000000008bf00000| Untracked 
| 192|0x000000008c000000, 0x000000008c000000, 0x000000008c100000|  0%| F|  |TAMS 0x000000008c000000, 0x000000008c000000| Untracked 
| 193|0x000000008c100000, 0x000000008c100000, 0x000000008c200000|  0%| F|  |TAMS 0x000000008c100000, 0x000000008c100000| Untracked 
| 194|0x000000008c200000, 0x000000008c200000, 0x000000008c300000|  0%| F|  |TAMS 0x000000008c200000, 0x000000008c200000| Untracked 
| 195|0x000000008c300000, 0x000000008c300000, 0x000000008c400000|  0%| F|  |TAMS 0x000000008c300000, 0x000000008c300000| Untracked 
| 196|0x000000008c400000, 0x000000008c400000, 0x000000008c500000|  0%| F|  |TAMS 0x000000008c400000, 0x000000008c400000| Untracked 
| 197|0x000000008c500000, 0x000000008c500000, 0x000000008c600000|  0%| F|  |TAMS 0x000000008c500000, 0x000000008c500000| Untracked 
| 198|0x000000008c600000, 0x000000008c600000, 0x000000008c700000|  0%| F|  |TAMS 0x000000008c600000, 0x000000008c600000| Untracked 
| 199|0x000000008c700000, 0x000000008c700000, 0x000000008c800000|  0%| F|  |TAMS 0x000000008c700000, 0x000000008c700000| Untracked 
| 200|0x000000008c800000, 0x000000008c800000, 0x000000008c900000|  0%| F|  |TAMS 0x000000008c800000, 0x000000008c800000| Untracked 
| 201|0x000000008c900000, 0x000000008c900000, 0x000000008ca00000|  0%| F|  |TAMS 0x000000008c900000, 0x000000008c900000| Untracked 
| 202|0x000000008ca00000, 0x000000008ca00000, 0x000000008cb00000|  0%| F|  |TAMS 0x000000008ca00000, 0x000000008ca00000| Untracked 
| 203|0x000000008cb00000, 0x000000008cb00000, 0x000000008cc00000|  0%| F|  |TAMS 0x000000008cb00000, 0x000000008cb00000| Untracked 
| 204|0x000000008cc00000, 0x000000008cc00000, 0x000000008cd00000|  0%| F|  |TAMS 0x000000008cc00000, 0x000000008cc00000| Untracked 
| 205|0x000000008cd00000, 0x000000008cd00000, 0x000000008ce00000|  0%| F|  |TAMS 0x000000008cd00000, 0x000000008cd00000| Untracked 
| 206|0x000000008ce00000, 0x000000008ce00000, 0x000000008cf00000|  0%| F|  |TAMS 0x000000008ce00000, 0x000000008ce00000| Untracked 
| 207|0x000000008cf00000, 0x000000008cf00000, 0x000000008d000000|  0%| F|  |TAMS 0x000000008cf00000, 0x000000008cf00000| Untracked 
| 208|0x000000008d000000, 0x000000008d000000, 0x000000008d100000|  0%| F|  |TAMS 0x000000008d000000, 0x000000008d000000| Untracked 
| 209|0x000000008d100000, 0x000000008d100000, 0x000000008d200000|  0%| F|  |TAMS 0x000000008d100000, 0x000000008d100000| Untracked 
| 210|0x000000008d200000, 0x000000008d200000, 0x000000008d300000|  0%| F|  |TAMS 0x000000008d200000, 0x000000008d200000| Untracked 
| 211|0x000000008d300000, 0x000000008d300000, 0x000000008d400000|  0%| F|  |TAMS 0x000000008d300000, 0x000000008d300000| Untracked 
| 212|0x000000008d400000, 0x000000008d400000, 0x000000008d500000|  0%| F|  |TAMS 0x000000008d400000, 0x000000008d400000| Untracked 
| 213|0x000000008d500000, 0x000000008d500000, 0x000000008d600000|  0%| F|  |TAMS 0x000000008d500000, 0x000000008d500000| Untracked 
| 214|0x000000008d600000, 0x000000008d600000, 0x000000008d700000|  0%| F|  |TAMS 0x000000008d600000, 0x000000008d600000| Untracked 
| 215|0x000000008d700000, 0x000000008d700000, 0x000000008d800000|  0%| F|  |TAMS 0x000000008d700000, 0x000000008d700000| Untracked 
| 216|0x000000008d800000, 0x000000008d800000, 0x000000008d900000|  0%| F|  |TAMS 0x000000008d800000, 0x000000008d800000| Untracked 
| 217|0x000000008d900000, 0x000000008d900000, 0x000000008da00000|  0%| F|  |TAMS 0x000000008d900000, 0x000000008d900000| Untracked 
| 218|0x000000008da00000, 0x000000008da00000, 0x000000008db00000|  0%| F|  |TAMS 0x000000008da00000, 0x000000008da00000| Untracked 
| 219|0x000000008db00000, 0x000000008db00000, 0x000000008dc00000|  0%| F|  |TAMS 0x000000008db00000, 0x000000008db00000| Untracked 
| 220|0x000000008dc00000, 0x000000008dc00000, 0x000000008dd00000|  0%| F|  |TAMS 0x000000008dc00000, 0x000000008dc00000| Untracked 
| 221|0x000000008dd00000, 0x000000008dd00000, 0x000000008de00000|  0%| F|  |TAMS 0x000000008dd00000, 0x000000008dd00000| Untracked 
| 222|0x000000008de00000, 0x000000008de00000, 0x000000008df00000|  0%| F|  |TAMS 0x000000008de00000, 0x000000008de00000| Untracked 
| 223|0x000000008df00000, 0x000000008df00000, 0x000000008e000000|  0%| F|  |TAMS 0x000000008df00000, 0x000000008df00000| Untracked 
| 224|0x000000008e000000, 0x000000008e000000, 0x000000008e100000|  0%| F|  |TAMS 0x000000008e000000, 0x000000008e000000| Untracked 
| 225|0x000000008e100000, 0x000000008e100000, 0x000000008e200000|  0%| F|  |TAMS 0x000000008e100000, 0x000000008e100000| Untracked 
| 226|0x000000008e200000, 0x000000008e200000, 0x000000008e300000|  0%| F|  |TAMS 0x000000008e200000, 0x000000008e200000| Untracked 
| 227|0x000000008e300000, 0x000000008e300000, 0x000000008e400000|  0%| F|  |TAMS 0x000000008e300000, 0x000000008e300000| Untracked 
| 228|0x000000008e400000, 0x000000008e400000, 0x000000008e500000|  0%| F|  |TAMS 0x000000008e400000, 0x000000008e400000| Untracked 
| 229|0x000000008e500000, 0x000000008e500000, 0x000000008e600000|  0%| F|  |TAMS 0x000000008e500000, 0x000000008e500000| Untracked 
| 230|0x000000008e600000, 0x000000008e600000, 0x000000008e700000|  0%| F|  |TAMS 0x000000008e600000, 0x000000008e600000| Untracked 
| 231|0x000000008e700000, 0x000000008e700000, 0x000000008e800000|  0%| F|  |TAMS 0x000000008e700000, 0x000000008e700000| Untracked 
| 232|0x000000008e800000, 0x000000008e800000, 0x000000008e900000|  0%| F|  |TAMS 0x000000008e800000, 0x000000008e800000| Untracked 
| 233|0x000000008e900000, 0x000000008e900000, 0x000000008ea00000|  0%| F|  |TAMS 0x000000008e900000, 0x000000008e900000| Untracked 
| 234|0x000000008ea00000, 0x000000008ea00000, 0x000000008eb00000|  0%| F|  |TAMS 0x000000008ea00000, 0x000000008ea00000| Untracked 
| 235|0x000000008eb00000, 0x000000008eb00000, 0x000000008ec00000|  0%| F|  |TAMS 0x000000008eb00000, 0x000000008eb00000| Untracked 
| 236|0x000000008ec00000, 0x000000008ec00000, 0x000000008ed00000|  0%| F|  |TAMS 0x000000008ec00000, 0x000000008ec00000| Untracked 
| 237|0x000000008ed00000, 0x000000008ed00000, 0x000000008ee00000|  0%| F|  |TAMS 0x000000008ed00000, 0x000000008ed00000| Untracked 
| 238|0x000000008ee00000, 0x000000008ee00000, 0x000000008ef00000|  0%| F|  |TAMS 0x000000008ee00000, 0x000000008ee00000| Untracked 
| 239|0x000000008ef00000, 0x000000008ef00000, 0x000000008f000000|  0%| F|  |TAMS 0x000000008ef00000, 0x000000008ef00000| Untracked 
| 240|0x000000008f000000, 0x000000008f000000, 0x000000008f100000|  0%| F|  |TAMS 0x000000008f000000, 0x000000008f000000| Untracked 
| 241|0x000000008f100000, 0x000000008f100000, 0x000000008f200000|  0%| F|  |TAMS 0x000000008f100000, 0x000000008f100000| Untracked 
| 242|0x000000008f200000, 0x000000008f200000, 0x000000008f300000|  0%| F|  |TAMS 0x000000008f200000, 0x000000008f200000| Untracked 
| 243|0x000000008f300000, 0x000000008f300000, 0x000000008f400000|  0%| F|  |TAMS 0x000000008f300000, 0x000000008f300000| Untracked 
| 244|0x000000008f400000, 0x000000008f43bbe0, 0x000000008f500000| 23%| E|  |TAMS 0x000000008f400000, 0x000000008f400000| Complete 
| 245|0x000000008f500000, 0x000000008f600000, 0x000000008f600000|100%| E|CS|TAMS 0x000000008f500000, 0x000000008f500000| Complete 
| 246|0x000000008f600000, 0x000000008f700000, 0x000000008f700000|100%| E|CS|TAMS 0x000000008f600000, 0x000000008f600000| Complete 
| 247|0x000000008f700000, 0x000000008f800000, 0x000000008f800000|100%| E|CS|TAMS 0x000000008f700000, 0x000000008f700000| Complete 
| 248|0x000000008f800000, 0x000000008f900000, 0x000000008f900000|100%| E|CS|TAMS 0x000000008f800000, 0x000000008f800000| Complete 
| 249|0x000000008f900000, 0x000000008fa00000, 0x000000008fa00000|100%| E|CS|TAMS 0x000000008f900000, 0x000000008f900000| Complete 

Card table byte_map: [0x000001a06de30000,0x000001a06e230000] _byte_map_base: 0x000001a06da30000

Marking Bits (Prev, Next): (CMBitMap*) 0x000001a05ac5e038, (CMBitMap*) 0x000001a05ac5e070
 Prev Bits: [0x000001a06e630000, 0x000001a070630000)
 Next Bits: [0x000001a070630000, 0x000001a072630000)

Polling page: 0x000001a058c00000

Metaspace:

Usage:
  Non-class:    104.54 MB capacity,   102.50 MB ( 98%) used,     1.67 MB (  2%) free+waste,   384.88 KB ( <1%) overhead. 
      Class:     16.61 MB capacity,    15.37 MB ( 93%) used,     1.07 MB (  6%) free+waste,   177.00 KB (  1%) overhead. 
       Both:    121.15 MB capacity,   117.87 MB ( 97%) used,     2.74 MB (  2%) free+waste,   561.88 KB ( <1%) overhead. 

Virtual space:
  Non-class space:      106.00 MB reserved,     104.68 MB ( 99%) committed 
      Class space:        1.00 GB reserved,      16.67 MB (  2%) committed 
             Both:        1.10 GB reserved,     121.35 MB ( 11%) committed 

Chunk freelists:
   Non-Class:  6.00 KB
       Class:  16.00 KB
        Both:  22.00 KB

MaxMetaspaceSize: 17179869184.00 GB
CompressedClassSpaceSize: 1.00 GB

CodeHeap 'non-profiled nmethods': size=120000Kb used=10712Kb max_used=10712Kb free=109287Kb
 bounds [0x000001a0661d0000, 0x000001a066c50000, 0x000001a06d700000]
CodeHeap 'profiled nmethods': size=120000Kb used=35943Kb max_used=35943Kb free=84056Kb
 bounds [0x000001a05eca0000, 0x000001a060fc0000, 0x000001a0661d0000]
CodeHeap 'non-nmethods': size=5760Kb used=2375Kb max_used=2421Kb free=3384Kb
 bounds [0x000001a05e700000, 0x000001a05e970000, 0x000001a05eca0000]
 total_blobs=17109 nmethods=16102 adapters=918
 compilation: enabled
              stopped_count=0, restarted_count=0
 full_count=0

Compilation events (20 events):
Event: 2320.630 Thread 0x000001a07509b800 16422       2       com.android.tools.idea.gradle.project.sync.ModelCacheKt::modelCacheImpl$createFromDependencies$populateJavaLibraries (119 bytes)
Event: 2320.632 Thread 0x000001a07509b800 nmethod 16422 0x000001a060fa6d10 code [0x000001a060fa6fa0, 0x000001a060fa7788]
Event: 2320.632 Thread 0x000001a07509b800 16423       2       com.android.tools.idea.gradle.project.sync.ModelCacheKt::internCore (19 bytes)
Event: 2320.632 Thread 0x000001a07509b800 nmethod 16423 0x000001a060fa7b90 code [0x000001a060fa7d40, 0x000001a060fa7e68]
Event: 2320.632 Thread 0x000001a07509b800 16424       2       com.android.tools.idea.gradle.project.sync.ModelCacheKt::modelCacheImpl$computeResolvedCoordinate (82 bytes)
Event: 2320.634 Thread 0x000001a07509b800 nmethod 16424 0x000001a060fa7f10 code [0x000001a060fa81a0, 0x000001a060fa88f8]
Event: 2320.634 Thread 0x000001a07509b800 16425       2       kotlin.text.StringsKt__StringsJVMKt::startsWith (37 bytes)
Event: 2320.635 Thread 0x000001a07509b800 nmethod 16425 0x000001a060fa8d10 code [0x000001a060fa8f60, 0x000001a060fa93b8]
Event: 2320.635 Thread 0x000001a07509b800 16426       2       com.android.tools.idea.gradle.model.impl.IdeMavenCoordinatesImpl::<init> (57 bytes)
Event: 2320.636 Thread 0x000001a07509b800 nmethod 16426 0x000001a060fa9710 code [0x000001a060fa99e0, 0x000001a060faa258]
Event: 2320.636 Thread 0x000001a07509b800 16427       2       kotlin.text.StringsKt__StringsJVMKt::replace (148 bytes)
Event: 2320.638 Thread 0x000001a07509b800 nmethod 16427 0x000001a060faa690 code [0x000001a060faa920, 0x000001a060fab0b8]
Event: 2320.638 Thread 0x000001a07509b800 16431       1       com.android.tools.idea.gradle.model.impl.IdeJavaLibraryCore::getArtifactAddress (5 bytes)
Event: 2320.638 Thread 0x000001a07509b800 nmethod 16431 0x000001a066c43d90 code [0x000001a066c43f40, 0x000001a066c43ff8]
Event: 2320.638 Thread 0x000001a07509b800 16432       1       com.android.tools.idea.gradle.model.impl.IdeJavaLibraryCore::getArtifact (5 bytes)
Event: 2320.639 Thread 0x000001a07509b800 nmethod 16432 0x000001a066c44090 code [0x000001a066c44240, 0x000001a066c442f8]
Event: 2320.639 Thread 0x000001a07509b800 16429   !   2       jdk.internal.reflect.GeneratedMethodAccessor86::invoke (63 bytes)
Event: 2320.639 Thread 0x000001a07509b800 nmethod 16429 0x000001a060fab710 code [0x000001a060fab920, 0x000001a060fabdb8]
Event: 2320.639 Thread 0x000001a07509b800 16430   !   2       jdk.internal.reflect.GeneratedMethodAccessor87::invoke (63 bytes)
Event: 2320.640 Thread 0x000001a07509b800 nmethod 16430 0x000001a060fac090 code [0x000001a060fac2a0, 0x000001a060fac738]

GC Heap History (20 events):
Event: 2315.634 GC heap before
{Heap before GC invocations=38 (full 0):
 garbage-first heap   total 212992K, used 149248K [0x0000000080000000, 0x0000000100000000)
  region size 1024K, 20 young (20480K), 1 survivors (1024K)
 Metaspace       used 111766K, capacity 114795K, committed 115684K, reserved 1148928K
  class space    used 14743K, capacity 15869K, committed 16176K, reserved 1048576K
}
Event: 2315.644 GC heap after
{Heap after GC invocations=39 (full 0):
 garbage-first heap   total 212992K, used 130691K [0x0000000080000000, 0x0000000100000000)
  region size 1024K, 2 young (2048K), 2 survivors (2048K)
 Metaspace       used 111766K, capacity 114795K, committed 115684K, reserved 1148928K
  class space    used 14743K, capacity 15869K, committed 16176K, reserved 1048576K
}
Event: 2316.726 GC heap before
{Heap before GC invocations=40 (full 0):
 garbage-first heap   total 212992K, used 152195K [0x0000000080000000, 0x0000000100000000)
  region size 1024K, 24 young (24576K), 2 survivors (2048K)
 Metaspace       used 112772K, capacity 115683K, committed 116836K, reserved 1150976K
  class space    used 14857K, capacity 15931K, committed 16304K, reserved 1048576K
}
Event: 2316.735 GC heap after
{Heap after GC invocations=41 (full 0):
 garbage-first heap   total 212992K, used 132193K [0x0000000080000000, 0x0000000100000000)
  region size 1024K, 3 young (3072K), 3 survivors (3072K)
 Metaspace       used 112772K, capacity 115683K, committed 116836K, reserved 1150976K
  class space    used 14857K, capacity 15931K, committed 16304K, reserved 1048576K
}
Event: 2316.873 GC heap before
{Heap before GC invocations=41 (full 0):
 garbage-first heap   total 212992K, used 139361K [0x0000000080000000, 0x0000000100000000)
  region size 1024K, 10 young (10240K), 3 survivors (3072K)
 Metaspace       used 113168K, capacity 116263K, committed 117092K, reserved 1150976K
  class space    used 14917K, capacity 16039K, committed 16304K, reserved 1048576K
}
Event: 2316.899 GC heap after
{Heap after GC invocations=42 (full 0):
 garbage-first heap   total 212992K, used 125192K [0x0000000080000000, 0x0000000100000000)
  region size 1024K, 1 young (1024K), 1 survivors (1024K)
 Metaspace       used 113168K, capacity 116263K, committed 117092K, reserved 1150976K
  class space    used 14917K, capacity 16039K, committed 16304K, reserved 1048576K
}
Event: 2317.011 GC heap before
{Heap before GC invocations=42 (full 0):
 garbage-first heap   total 212992K, used 134408K [0x0000000080000000, 0x0000000100000000)
  region size 1024K, 10 young (10240K), 1 survivors (1024K)
 Metaspace       used 113339K, capacity 116497K, committed 117092K, reserved 1150976K
  class space    used 14938K, capacity 16111K, committed 16304K, reserved 1048576K
}
Event: 2317.045 GC heap after
{Heap after GC invocations=43 (full 0):
 garbage-first heap   total 212992K, used 120979K [0x0000000080000000, 0x0000000100000000)
  region size 1024K, 2 young (2048K), 2 survivors (2048K)
 Metaspace       used 113339K, capacity 116497K, committed 117092K, reserved 1150976K
  class space    used 14938K, capacity 16111K, committed 16304K, reserved 1048576K
}
Event: 2317.288 GC heap before
{Heap before GC invocations=43 (full 0):
 garbage-first heap   total 212992K, used 129171K [0x0000000080000000, 0x0000000100000000)
  region size 1024K, 10 young (10240K), 2 survivors (2048K)
 Metaspace       used 113726K, capacity 116829K, committed 117476K, reserved 1150976K
  class space    used 14995K, capacity 16157K, committed 16432K, reserved 1048576K
}
Event: 2317.306 GC heap after
{Heap after GC invocations=44 (full 0):
 garbage-first heap   total 212992K, used 120233K [0x0000000080000000, 0x0000000100000000)
  region size 1024K, 2 young (2048K), 2 survivors (2048K)
 Metaspace       used 113726K, capacity 116829K, committed 117476K, reserved 1150976K
  class space    used 14995K, capacity 16157K, committed 16432K, reserved 1048576K
}
Event: 2317.950 GC heap before
{Heap before GC invocations=44 (full 0):
 garbage-first heap   total 212992K, used 153001K [0x0000000080000000, 0x0000000100000000)
  region size 1024K, 35 young (35840K), 2 survivors (2048K)
 Metaspace       used 115826K, capacity 118970K, committed 119652K, reserved 1153024K
  class space    used 15256K, capacity 16400K, committed 16560K, reserved 1048576K
}
Event: 2317.960 GC heap after
{Heap after GC invocations=45 (full 0):
 garbage-first heap   total 212992K, used 122982K [0x0000000080000000, 0x0000000100000000)
  region size 1024K, 4 young (4096K), 4 survivors (4096K)
 Metaspace       used 115826K, capacity 118970K, committed 119652K, reserved 1153024K
  class space    used 15256K, capacity 16400K, committed 16560K, reserved 1048576K
}
Event: 2319.107 GC heap before
{Heap before GC invocations=46 (full 0):
 garbage-first heap   total 212992K, used 167014K [0x0000000080000000, 0x0000000100000000)
  region size 1024K, 46 young (47104K), 4 survivors (4096K)
 Metaspace       used 118694K, capacity 121971K, committed 122468K, reserved 1155072K
  class space    used 15487K, capacity 16668K, committed 16816K, reserved 1048576K
}
Event: 2319.121 GC heap after
{Heap after GC invocations=47 (full 0):
 garbage-first heap   total 212992K, used 125642K [0x0000000080000000, 0x0000000100000000)
  region size 1024K, 6 young (6144K), 6 survivors (6144K)
 Metaspace       used 118694K, capacity 121971K, committed 122468K, reserved 1155072K
  class space    used 15487K, capacity 16668K, committed 16816K, reserved 1048576K
}
Event: 2319.148 GC heap before
{Heap before GC invocations=47 (full 0):
 garbage-first heap   total 212992K, used 128714K [0x0000000080000000, 0x0000000100000000)
  region size 1024K, 10 young (10240K), 6 survivors (6144K)
 Metaspace       used 118694K, capacity 121971K, committed 122468K, reserved 1155072K
  class space    used 15487K, capacity 16668K, committed 16816K, reserved 1048576K
}
Event: 2319.167 GC heap after
{Heap after GC invocations=48 (full 0):
 garbage-first heap   total 212992K, used 125782K [0x0000000080000000, 0x0000000100000000)
  region size 1024K, 1 young (1024K), 1 survivors (1024K)
 Metaspace       used 118694K, capacity 121971K, committed 122468K, reserved 1155072K
  class space    used 15487K, capacity 16668K, committed 16816K, reserved 1048576K
}
Event: 2319.709 GC heap before
{Heap before GC invocations=48 (full 0):
 garbage-first heap   total 212992K, used 167766K [0x0000000080000000, 0x0000000100000000)
  region size 1024K, 43 young (44032K), 1 survivors (1024K)
 Metaspace       used 119015K, capacity 122245K, committed 122852K, reserved 1155072K
  class space    used 15521K, capacity 16713K, committed 16944K, reserved 1048576K
}
Event: 2319.720 GC heap after
{Heap after GC invocations=49 (full 0):
 garbage-first heap   total 212992K, used 128653K [0x0000000080000000, 0x0000000100000000)
  region size 1024K, 4 young (4096K), 4 survivors (4096K)
 Metaspace       used 119015K, capacity 122245K, committed 122852K, reserved 1155072K
  class space    used 15521K, capacity 16713K, committed 16944K, reserved 1048576K
}
Event: 2320.602 GC heap before
{Heap before GC invocations=50 (full 0):
 garbage-first heap   total 212992K, used 172685K [0x0000000080000000, 0x0000000100000000)
  region size 1024K, 46 young (47104K), 4 survivors (4096K)
 Metaspace       used 120281K, capacity 123724K, committed 124004K, reserved 1157120K
  class space    used 15688K, capacity 16968K, committed 17072K, reserved 1048576K
}
Event: 2320.620 GC heap after
{Heap after GC invocations=51 (full 0):
 garbage-first heap   total 256000K, used 132475K [0x0000000080000000, 0x0000000100000000)
  region size 1024K, 5 young (5120K), 5 survivors (5120K)
 Metaspace       used 120281K, capacity 123724K, committed 124004K, reserved 1157120K
  class space    used 15688K, capacity 16968K, committed 17072K, reserved 1048576K
}

Deoptimization events (20 events):
Event: 2319.738 Thread 0x000001a000863800 Uncommon trap: trap_request=0xffffffde fr.pc=0x000001a066471c98 relative=0x0000000000000838
Event: 2319.738 Thread 0x000001a000863800 Uncommon trap: reason=class_check action=maybe_recompile pc=0x000001a066471c98 method=java.util.Spliterators$IteratorSpliterator.tryAdvance(Ljava/util/function/Consumer;)Z @ 68 c2
Event: 2319.738 Thread 0x000001a000863800 DEOPT PACKING pc=0x000001a066471c98 sp=0x00000087c93faa50
Event: 2319.738 Thread 0x000001a000863800 DEOPT UNPACKING pc=0x000001a05e7278af sp=0x00000087c93fa840 mode 2
Event: 2319.743 Thread 0x000001a000863800 Uncommon trap: trap_request=0xffffffc6 fr.pc=0x000001a066952f1c relative=0x000000000000051c
Event: 2319.743 Thread 0x000001a000863800 Uncommon trap: reason=bimorphic_or_optimized_type_check action=maybe_recompile pc=0x000001a066952f1c method=java.util.AbstractList$RandomAccessSpliterator.getFence()I @ 34 c2
Event: 2319.743 Thread 0x000001a000863800 DEOPT PACKING pc=0x000001a066952f1c sp=0x00000087c93fa9a0
Event: 2319.743 Thread 0x000001a000863800 DEOPT UNPACKING pc=0x000001a05e7278af sp=0x00000087c93fa960 mode 2
Event: 2319.847 Thread 0x000001a000863800 DEOPT PACKING pc=0x000001a060583a0e sp=0x00000087c93fa340
Event: 2319.847 Thread 0x000001a000863800 DEOPT UNPACKING pc=0x000001a05e7276ce sp=0x00000087c93f97b8 mode 0
Event: 2319.911 Thread 0x000001a000863800 DEOPT PACKING pc=0x000001a05f6674f1 sp=0x00000087c93f7a70
Event: 2319.911 Thread 0x000001a000863800 DEOPT UNPACKING pc=0x000001a05e7276ce sp=0x00000087c93f6f68 mode 0
Event: 2319.999 Thread 0x000001a000863800 Uncommon trap: trap_request=0xffffffc6 fr.pc=0x000001a066ad9ef8 relative=0x0000000000000a98
Event: 2319.999 Thread 0x000001a000863800 Uncommon trap: reason=bimorphic_or_optimized_type_check action=maybe_recompile pc=0x000001a066ad9ef8 method=java.util.concurrent.ConcurrentHashMap.replaceNode(Ljava/lang/Object;Ljava/lang/Object;Ljava/lang/Object;)Ljava/lang/Object; @ 147 c2
Event: 2319.999 Thread 0x000001a000863800 DEOPT PACKING pc=0x000001a066ad9ef8 sp=0x00000087c93f8f90
Event: 2319.999 Thread 0x000001a000863800 DEOPT UNPACKING pc=0x000001a05e7278af sp=0x00000087c93f8f18 mode 2
Event: 2320.641 Thread 0x000001a000863800 Uncommon trap: trap_request=0xffffff4d fr.pc=0x000001a0667faad0 relative=0x0000000000000670
Event: 2320.641 Thread 0x000001a000863800 Uncommon trap: reason=unstable_if action=reinterpret pc=0x000001a0667faad0 method=java.lang.String.valueOf(Ljava/lang/Object;)Ljava/lang/String; @ 1 c2
Event: 2320.641 Thread 0x000001a000863800 DEOPT PACKING pc=0x000001a0667faad0 sp=0x00000087c93fb930
Event: 2320.641 Thread 0x000001a000863800 DEOPT UNPACKING pc=0x000001a05e7278af sp=0x00000087c93fb8b8 mode 2

Classes redefined (0 events):
No events

Internal exceptions (20 events):
Event: 2317.542 Thread 0x000001a000863800 Exception <a 'java/lang/ClassNotFoundException'{0x000000008b9311f0}: org/gradle/api/internal/tasks/DefaultTaskContainerCustomizer> (0x000000008b9311f0) thrown at [./src/hotspot/share/classfile/systemDictionary.cpp, line 231]
Event: 2317.549 Thread 0x000001a000863800 Exception <a 'java/lang/ClassNotFoundException'{0x000000008b9da330}: org/gradle/api/internal/tasks/DefaultTaskContainer_DecoratedCustomizer> (0x000000008b9da330) thrown at [./src/hotspot/share/classfile/systemDictionary.cpp, line 231]
Event: 2317.583 Thread 0x000001a000863800 Exception <a 'java/lang/ClassNotFoundException'{0x000000008b8e73d0}: org/gradle/api/tasks/SourceSetBeanInfo> (0x000000008b8e73d0) thrown at [./src/hotspot/share/classfile/systemDictionary.cpp, line 231]
Event: 2317.584 Thread 0x000001a000863800 Exception <a 'java/lang/ClassNotFoundException'{0x000000008b704828}: org/gradle/api/tasks/SourceSetCustomizer> (0x000000008b704828) thrown at [./src/hotspot/share/classfile/systemDictionary.cpp, line 231]
Event: 2317.595 Thread 0x000001a000863800 Exception <a 'java/lang/ClassNotFoundException'{0x000000008b785750}: java/util/LinkedHashMapBeanInfo> (0x000000008b785750) thrown at [./src/hotspot/share/classfile/systemDictionary.cpp, line 231]
Event: 2317.595 Thread 0x000001a000863800 Exception <a 'java/lang/ClassNotFoundException'{0x000000008b78e9e0}: java/util/HashMapBeanInfo> (0x000000008b78e9e0) thrown at [./src/hotspot/share/classfile/systemDictionary.cpp, line 231]
Event: 2317.596 Thread 0x000001a000863800 Exception <a 'java/lang/ClassNotFoundException'{0x000000008b798498}: java/util/AbstractMapBeanInfo> (0x000000008b798498) thrown at [./src/hotspot/share/classfile/systemDictionary.cpp, line 231]
Event: 2317.596 Thread 0x000001a000863800 Exception <a 'java/lang/ClassNotFoundException'{0x000000008b7a2008}: java/util/AbstractMapCustomizer> (0x000000008b7a2008) thrown at [./src/hotspot/share/classfile/systemDictionary.cpp, line 231]
Event: 2317.597 Thread 0x000001a000863800 Exception <a 'java/lang/ClassNotFoundException'{0x000000008b7b56c0}: java/util/HashMapCustomizer> (0x000000008b7b56c0) thrown at [./src/hotspot/share/classfile/systemDictionary.cpp, line 231]
Event: 2317.599 Thread 0x000001a000863800 Exception <a 'java/lang/ClassNotFoundException'{0x000000008b7d6350}: java/util/LinkedHashMapCustomizer> (0x000000008b7d6350) thrown at [./src/hotspot/share/classfile/systemDictionary.cpp, line 231]
Event: 2318.105 Thread 0x000001a000863800 Exception <a 'sun/nio/fs/WindowsException'{0x000000008cb13350}> (0x000000008cb13350) thrown at [./src/hotspot/share/prims/jni.cpp, line 615]
Event: 2318.130 Thread 0x000001a000863800 Exception <a 'sun/nio/fs/WindowsException'{0x000000008cbb69f8}> (0x000000008cbb69f8) thrown at [./src/hotspot/share/prims/jni.cpp, line 615]
Event: 2318.130 Thread 0x000001a000863800 Exception <a 'sun/nio/fs/WindowsException'{0x000000008cbb7d80}> (0x000000008cbb7d80) thrown at [./src/hotspot/share/prims/jni.cpp, line 615]
Event: 2318.131 Thread 0x000001a000863800 Exception <a 'sun/nio/fs/WindowsException'{0x000000008cbb9158}> (0x000000008cbb9158) thrown at [./src/hotspot/share/prims/jni.cpp, line 615]
Event: 2318.131 Thread 0x000001a000863800 Exception <a 'sun/nio/fs/WindowsException'{0x000000008cbba530}> (0x000000008cbba530) thrown at [./src/hotspot/share/prims/jni.cpp, line 615]
Event: 2318.560 Thread 0x000001a000863800 Exception <a 'java/lang/reflect/InvocationTargetException'{0x000000008bf637f8}> (0x000000008bf637f8) thrown at [./src/hotspot/share/runtime/reflection.cpp, line 1247]
Event: 2319.263 Thread 0x000001a00086f000 Implicit null exception at 0x000001a066bcf332 to 0x000001a066bcf6f8
Event: 2319.581 Thread 0x000001a000863800 Exception <a 'java/lang/NoSuchMethodError'{0x000000008afed138}: 'int java.lang.invoke.DirectMethodHandle$Holder.invokeSpecialIFC(java.lang.Object, java.lang.Object, java.lang.Object)'> (0x000000008afed138) thrown at [./src/hotspot/share/interpreter/linkResolver.cpp, line 773]
Event: 2319.754 Thread 0x000001a000863800 Exception <a 'java/lang/NoSuchMethodError'{0x000000008ce35018}: 'java.lang.Object java.lang.invoke.DelegatingMethodHandle$Holder.reinvoke_L(java.lang.Object, int, int, java.lang.Object, java.lang.Object, java.lang.Object)'> (0x000000008ce35018) thrown at [./src/hotspot/share/interpreter/linkResolver.cpp, line 773]
Event: 2320.641 Thread 0x000001a000863800 Implicit null exception at 0x000001a0667fa48f to 0x000001a0667faabc

Events (20 events):
Event: 2320.669 loading class com/android/tools/idea/gradle/project/sync/AndroidModuleKt$collectIdentifiers$1
Event: 2320.669 loading class com/android/tools/idea/gradle/project/sync/AndroidModuleKt$collectIdentifiers$1 done
Event: 2320.669 loading class com/android/tools/idea/gradle/project/sync/AndroidModuleKt$collectIdentifiers$2
Event: 2320.669 loading class com/android/tools/idea/gradle/project/sync/AndroidModuleKt$collectIdentifiers$2 done
Event: 2320.670 loading class com/android/tools/idea/gradle/project/sync/AndroidModuleKt$collectIdentifiers$3
Event: 2320.670 loading class com/android/tools/idea/gradle/project/sync/AndroidModuleKt$collectIdentifiers$3 done
Event: 2320.671 loading class com/android/tools/idea/gradle/project/sync/AndroidModuleKt$collectIdentifiers$4
Event: 2320.671 loading class com/android/tools/idea/gradle/project/sync/AndroidModuleKt$collectIdentifiers$4 done
Event: 2320.672 loading class kotlin/sequences/SequencesKt___SequencesKt$distinct$1
Event: 2320.672 loading class kotlin/sequences/SequencesKt___SequencesKt$distinct$1 done
Event: 2320.672 loading class kotlin/sequences/DistinctSequence
Event: 2320.672 loading class kotlin/sequences/DistinctSequence done
Event: 2320.673 loading class kotlin/sequences/DistinctIterator
Event: 2320.673 loading class kotlin/sequences/DistinctIterator done
Event: 2320.673 loading class kotlin/collections/AbstractIterator
Event: 2320.673 loading class kotlin/collections/AbstractIterator done
Event: 2320.674 loading class kotlin/collections/State
Event: 2320.674 loading class kotlin/collections/State done
Event: 2320.675 loading class kotlin/collections/AbstractIterator$WhenMappings
Event: 2320.675 loading class kotlin/collections/AbstractIterator$WhenMappings done


Dynamic libraries:
0x00007ff6ce0a0000 - 0x00007ff6ce0aa000 	C:\Program Files\Android\Android Studio\jre\bin\java.exe
0x00007ffa18b80000 - 0x00007ffa18d70000 	C:\WINDOWS\SYSTEM32\ntdll.dll
0x00007ffa17b30000 - 0x00007ffa17be2000 	C:\WINDOWS\System32\KERNEL32.DLL
0x00007ffa15f70000 - 0x00007ffa16214000 	C:\WINDOWS\System32\KERNELBASE.dll
0x00007ffa162f0000 - 0x00007ffa163ea000 	C:\WINDOWS\System32\ucrtbase.dll
0x00007ff9fb100000 - 0x00007ff9fb117000 	C:\Program Files\Android\Android Studio\jre\bin\VCRUNTIME140.dll
0x00007ff9fa2a0000 - 0x00007ff9fa2b9000 	C:\Program Files\Android\Android Studio\jre\bin\jli.dll
0x00007ffa18110000 - 0x00007ffa182a5000 	C:\WINDOWS\System32\USER32.dll
0x00007ffa16220000 - 0x00007ffa16241000 	C:\WINDOWS\System32\win32u.dll
0x00007ff9fb540000 - 0x00007ff9fb7c4000 	C:\WINDOWS\WinSxS\amd64_microsoft.windows.common-controls_6595b64144ccf1df_6.0.18362.1016_none_9e7a36bbe461dae4\COMCTL32.dll
0x00007ffa17190000 - 0x00007ffa171b6000 	C:\WINDOWS\System32\GDI32.dll
0x00007ffa17f50000 - 0x00007ffa17fee000 	C:\WINDOWS\System32\msvcrt.dll
0x00007ffa15b00000 - 0x00007ffa15c96000 	C:\WINDOWS\System32\gdi32full.dll
0x00007ffa171c0000 - 0x00007ffa174f5000 	C:\WINDOWS\System32\combase.dll
0x00007ffa16250000 - 0x00007ffa162ee000 	C:\WINDOWS\System32\msvcp_win.dll
0x00007ffa17ff0000 - 0x00007ffa18110000 	C:\WINDOWS\System32\RPCRT4.dll
0x00007ffa15ca0000 - 0x00007ffa15d20000 	C:\WINDOWS\System32\bcryptPrimitives.dll
0x00007ffa17dc0000 - 0x00007ffa17dee000 	C:\WINDOWS\System32\IMM32.DLL
0x00007ff9e09d0000 - 0x00007ff9e0a6d000 	C:\Program Files\Android\Android Studio\jre\bin\msvcp140.dll
0x00007ff9d3fd0000 - 0x00007ff9d4a9f000 	C:\Program Files\Android\Android Studio\jre\bin\server\jvm.dll
0x00007ffa17a80000 - 0x00007ffa17b23000 	C:\WINDOWS\System32\ADVAPI32.dll
0x00007ffa16df0000 - 0x00007ffa16e87000 	C:\WINDOWS\System32\sechost.dll
0x00007ffa16de0000 - 0x00007ffa16de8000 	C:\WINDOWS\System32\PSAPI.DLL
0x00007ffa10fb0000 - 0x00007ffa10fb9000 	C:\WINDOWS\SYSTEM32\WSOCK32.dll
0x00007ffa10f40000 - 0x00007ffa10f64000 	C:\WINDOWS\SYSTEM32\WINMM.dll
0x00007ffa0fc40000 - 0x00007ffa0fc4a000 	C:\WINDOWS\SYSTEM32\VERSION.dll
0x00007ffa18ac0000 - 0x00007ffa18b2f000 	C:\WINDOWS\System32\WS2_32.dll
0x00007ffa10f10000 - 0x00007ffa10f3d000 	C:\WINDOWS\SYSTEM32\WINMMBASE.dll
0x00007ffa15e70000 - 0x00007ffa15eba000 	C:\WINDOWS\System32\cfgmgr32.dll
0x00007ffa15ae0000 - 0x00007ffa15af1000 	C:\WINDOWS\System32\kernel.appcore.dll
0x00007ffa10b20000 - 0x00007ffa10b31000 	C:\Program Files\Android\Android Studio\jre\bin\verify.dll
0x00007ffa14360000 - 0x00007ffa14554000 	C:\WINDOWS\SYSTEM32\DBGHELP.DLL
0x00007ff9f9a10000 - 0x00007ff9f9a3a000 	C:\WINDOWS\SYSTEM32\dbgcore.DLL
0x00007ffa10780000 - 0x00007ffa107a9000 	C:\Program Files\Android\Android Studio\jre\bin\java.dll
0x00007ffa10fa0000 - 0x00007ffa10fab000 	C:\Program Files\Android\Android Studio\jre\bin\jimage.dll
0x00007ffa0e7b0000 - 0x00007ffa0e7c8000 	C:\Program Files\Android\Android Studio\jre\bin\zip.dll
0x00007ffa18320000 - 0x00007ffa18a07000 	C:\WINDOWS\System32\SHELL32.dll
0x00007ffa18a10000 - 0x00007ffa18ab9000 	C:\WINDOWS\System32\shcore.dll
0x00007ffa16480000 - 0x00007ffa16c02000 	C:\WINDOWS\System32\windows.storage.dll
0x00007ffa15ab0000 - 0x00007ffa15ad3000 	C:\WINDOWS\System32\profapi.dll
0x00007ffa15a60000 - 0x00007ffa15aaa000 	C:\WINDOWS\System32\powrprof.dll
0x00007ffa15a30000 - 0x00007ffa15a40000 	C:\WINDOWS\System32\UMPDC.dll
0x00007ffa17c90000 - 0x00007ffa17ce2000 	C:\WINDOWS\System32\shlwapi.dll
0x00007ffa16c10000 - 0x00007ffa16c27000 	C:\WINDOWS\System32\cryptsp.dll
0x00007ffa084f0000 - 0x00007ffa0850a000 	C:\Program Files\Android\Android Studio\jre\bin\net.dll
0x00007ffa12d00000 - 0x00007ffa12df0000 	C:\WINDOWS\SYSTEM32\WINHTTP.dll
0x00007ffa15290000 - 0x00007ffa152f7000 	C:\WINDOWS\system32\mswsock.dll
0x00007ffa082e0000 - 0x00007ffa082f4000 	C:\Program Files\Android\Android Studio\jre\bin\nio.dll
0x00007ff9f6f50000 - 0x00007ff9f6f77000 	C:\Users\Akimbek\.gradle\native\8bec1ad78214c89d9ad589b4d07fe93259594b29d510b10fafb7a158f7737e5d\windows-amd64\native-platform.dll
0x00007ff9f4030000 - 0x00007ff9f416d000 	C:\Users\Akimbek\.gradle\native\53dbd7edfb1c66fb8903c78663c9afc45aea4f116125fa6feffd364cf09443e8\windows-amd64\native-platform-file-events.dll
0x00007ffa10b10000 - 0x00007ffa10b1a000 	C:\Program Files\Android\Android Studio\jre\bin\management.dll
0x00007ffa0e7a0000 - 0x00007ffa0e7ac000 	C:\Program Files\Android\Android Studio\jre\bin\management_ext.dll
0x00007ffa14e00000 - 0x00007ffa14e33000 	C:\WINDOWS\system32\rsaenh.dll
0x00007ffa16450000 - 0x00007ffa16476000 	C:\WINDOWS\System32\bcrypt.dll
0x00007ffa15950000 - 0x00007ffa15975000 	C:\WINDOWS\SYSTEM32\USERENV.dll
0x00007ffa15460000 - 0x00007ffa1546c000 	C:\WINDOWS\SYSTEM32\CRYPTBASE.dll
0x00007ffa14fa0000 - 0x00007ffa14fda000 	C:\WINDOWS\SYSTEM32\IPHLPAPI.DLL
0x00007ffa18b30000 - 0x00007ffa18b38000 	C:\WINDOWS\System32\NSI.dll
0x00007ffa0b440000 - 0x00007ffa0b456000 	C:\WINDOWS\SYSTEM32\dhcpcsvc6.DLL
0x00007ffa0b420000 - 0x00007ffa0b43c000 	C:\WINDOWS\SYSTEM32\dhcpcsvc.DLL
0x00007ffa14fe0000 - 0x00007ffa150ab000 	C:\WINDOWS\SYSTEM32\DNSAPI.dll
0x00007ff9fa010000 - 0x00007ff9fa02e000 	C:\Users\Akimbek\AppData\Local\Temp\native-platform9110716206923379086dir\native-platform.dll
0x00007ff9fab90000 - 0x00007ff9fab98000 	C:\Program Files\Android\Android Studio\jre\bin\rmi.dll

dbghelp: loaded successfully - version: 4.0.5 - missing functions: none
symbol engine: initialized successfully - sym options: 0x614 - pdb path: .;C:\Program Files\Android\Android Studio\jre\bin;C:\WINDOWS\SYSTEM32;C:\WINDOWS\WinSxS\amd64_microsoft.windows.common-controls_6595b64144ccf1df_6.0.18362.1016_none_9e7a36bbe461dae4;C:\Program Files\Android\Android Studio\jre\bin\server;C:\Users\Akimbek\.gradle\native\8bec1ad78214c89d9ad589b4d07fe93259594b29d510b10fafb7a158f7737e5d\windows-amd64;C:\Users\Akimbek\.gradle\native\53dbd7edfb1c66fb8903c78663c9afc45aea4f116125fa6feffd364cf09443e8\windows-amd64;C:\Users\Akimbek\AppData\Local\Temp\native-platform9110716206923379086dir

VM Arguments:
jvm_args: --add-opens=java.base/java.util=ALL-UNNAMED --add-opens=java.base/java.lang=ALL-UNNAMED --add-opens=java.base/java.lang.invoke=ALL-UNNAMED --add-opens=java.base/java.util=ALL-UNNAMED --add-opens=java.prefs/java.util.prefs=ALL-UNNAMED --add-opens=java.prefs/java.util.prefs=ALL-UNNAMED --add-opens=java.base/java.nio.charset=ALL-UNNAMED --add-opens=java.base/java.net=ALL-UNNAMED --add-opens=java.base/java.util.concurrent.atomic=ALL-UNNAMED -Xmx2048m -Dfile.encoding=UTF-8 -Duser.country=TR -Duser.language=tr -Duser.variant 
java_command: org.gradle.launcher.daemon.bootstrap.GradleDaemon 7.0.2
java_class_path (initial): C:\Users\Akimbek\.gradle\wrapper\dists\gradle-7.0.2-bin\857tjihv64xamwrf0h14cai3r\gradle-7.0.2\lib\gradle-launcher-7.0.2.jar
Launcher Type: SUN_STANDARD

[Global flags]
     intx CICompilerCount                          = 4                                         {product} {ergonomic}
     uint ConcGCThreads                            = 2                                         {product} {ergonomic}
     uint G1ConcRefinementThreads                  = 8                                         {product} {ergonomic}
   size_t G1HeapRegionSize                         = 1048576                                   {product} {ergonomic}
    uintx GCDrainStackTargetSize                   = 64                                        {product} {ergonomic}
   size_t InitialHeapSize                          = 125829120                                 {product} {ergonomic}
   size_t MarkStackSize                            = 4194304                                   {product} {ergonomic}
   size_t MaxHeapSize                              = 2147483648                                {product} {command line}
   size_t MaxNewSize                               = 1287651328                                {product} {ergonomic}
   size_t MinHeapDeltaBytes                        = 1048576                                   {product} {ergonomic}
    uintx NonNMethodCodeHeapSize                   = 5836300                                {pd product} {ergonomic}
    uintx NonProfiledCodeHeapSize                  = 122910970                              {pd product} {ergonomic}
    uintx ProfiledCodeHeapSize                     = 122910970                              {pd product} {ergonomic}
    uintx ReservedCodeCacheSize                    = 251658240                              {pd product} {ergonomic}
     bool SegmentedCodeCache                       = true                                      {product} {ergonomic}
     bool UseCompressedClassPointers               = true                                 {lp64_product} {ergonomic}
     bool UseCompressedOops                        = true                                 {lp64_product} {ergonomic}
     bool UseG1GC                                  = true                                      {product} {ergonomic}
     bool UseLargePagesIndividualAllocation        = false                                  {pd product} {ergonomic}

Logging:
Log output configuration:
 #0: stdout all=warning uptime,level,tags
 #1: stderr all=off uptime,level,tags

Environment Variables:
PATH=C:\ProgramData\Oracle\Java\javapath;C:\WINDOWS\system32;C:\WINDOWS;C:\WINDOWS\System32\Wbem;C:\WINDOWS\System32\WindowsPowerShell\v1.0\;C:\WINDOWS\System32\OpenSSH\;C:\Android;C:\Windows\System32;C:\Program Files\Microsoft SQL Server\Client SDK\ODBC\110\Tools\Binn\;C:\Program Files (x86)\Microsoft SQL Server\120\Tools\Binn\;C:\Program Files\Microsoft SQL Server\120\Tools\Binn\;C:\Program Files\Microsoft SQL Server\120\DTS\Binn\;C:\Program Files (x86)\Windows Kits\8.1\Windows Performance Toolkit\;C:\Program Files\nodejs\;C:\Users\Akimbek\AppData\Local\Microsoft\WindowsApps;C:\Users\Akimbek\AppData\Roaming\npm;C:\Users\Akimbek\AppData\Local\GitHubDesktop\bin
USERNAME=Akimbek
OS=Windows_NT
PROCESSOR_IDENTIFIER=Intel64 Family 6 Model 142 Stepping 10, GenuineIntel



---------------  S Y S T E M  ---------------

OS: Windows 10 , 64 bit Build 18362 (10.0.18362.959)
OS uptime: 0 days 4:48 hours

CPU:total 8 (initial active 8) (4 cores per cpu, 2 threads per core) family 6 model 142 stepping 10 microcode 0xb4, cmov, cx8, fxsr, mmx, sse, sse2, sse3, ssse3, sse4.1, sse4.2, popcnt, avx, avx2, aes, clmul, erms, 3dnowpref, lzcnt, ht, tsc, tscinvbit, bmi1, bmi2, adx, fma

Memory: 4k page, system-wide physical 7615M (642M free)
TotalPageFile size 13306M (AvailPageFile size 9M)
current process WorkingSet (physical memory assigned to process): 520M, peak: 520M
current process commit charge ("private bytes"): 661M, peak: 663M

vm_info: OpenJDK 64-Bit Server VM (11.0.10+0-b96-7249189) for windows-amd64 JRE (11.0.10+0-b96-7249189), built on Mar 31 2021 21:44:00 by "builder" with MS VC++ 14.0 (VS2015)

END.
